{
"C:\\inetpub\\wwwroot\\odata-v4-parser\\lib\\parser.js":{"path":"C:\\inetpub\\wwwroot\\odata-v4-parser\\lib\\parser.js","s":{"1":1,"2":1,"3":1,"4":1,"5":1,"6":1,"7":2,"8":2,"9":2,"10":2,"11":2,"12":58,"13":2,"14":2,"15":0,"16":2,"17":0,"18":2,"19":1,"20":1,"21":1,"22":0,"23":1,"24":0,"25":1,"26":1,"27":1,"28":1,"29":1,"30":0,"31":1,"32":0,"33":1,"34":1,"35":1,"36":0,"37":1,"38":1,"39":0,"40":1,"41":1,"42":0,"43":1,"44":1,"45":0,"46":1,"47":1,"48":0,"49":1,"50":1,"51":0,"52":1},"b":{"1":[2,2],"2":[0,2],"3":[0,2]},"f":{"1":2,"2":2,"3":1,"4":2,"5":0,"6":0,"7":1,"8":1,"9":0,"10":0,"11":0,"12":0,"13":0,"14":0,"15":0,"16":0},"fnMap":{"1":{"name":"(anonymous_1)","line":7,"loc":{"start":{"line":7,"column":20},"end":{"line":7,"column":34}}},"2":{"name":"(anonymous_2)","line":8,"loc":{"start":{"line":8,"column":11},"end":{"line":8,"column":38}}},"3":{"name":"(anonymous_3)","line":33,"loc":{"start":{"line":33,"column":14},"end":{"line":33,"column":26}}},"4":{"name":"Parser","line":34,"loc":{"start":{"line":34,"column":4},"end":{"line":34,"column":22}}},"5":{"name":"(anonymous_5)","line":36,"loc":{"start":{"line":36,"column":32},"end":{"line":36,"column":59}}},"6":{"name":"(anonymous_6)","line":37,"loc":{"start":{"line":37,"column":36},"end":{"line":37,"column":63}}},"7":{"name":"(anonymous_7)","line":38,"loc":{"start":{"line":38,"column":29},"end":{"line":38,"column":56}}},"8":{"name":"(anonymous_8)","line":39,"loc":{"start":{"line":39,"column":30},"end":{"line":39,"column":57}}},"9":{"name":"(anonymous_9)","line":40,"loc":{"start":{"line":40,"column":28},"end":{"line":40,"column":55}}},"10":{"name":"(anonymous_10)","line":41,"loc":{"start":{"line":41,"column":31},"end":{"line":41,"column":58}}},"11":{"name":"odataUri","line":45,"loc":{"start":{"line":45,"column":0},"end":{"line":45,"column":35}}},"12":{"name":"resourcePath","line":47,"loc":{"start":{"line":47,"column":0},"end":{"line":47,"column":39}}},"13":{"name":"query","line":49,"loc":{"start":{"line":49,"column":0},"end":{"line":49,"column":32}}},"14":{"name":"filter","line":51,"loc":{"start":{"line":51,"column":0},"end":{"line":51,"column":33}}},"15":{"name":"keys","line":53,"loc":{"start":{"line":53,"column":0},"end":{"line":53,"column":31}}},"16":{"name":"literal","line":55,"loc":{"start":{"line":55,"column":0},"end":{"line":55,"column":34}}}},"statementMap":{"1":{"start":{"line":2,"column":0},"end":{"line":2,"column":53}},"2":{"start":{"line":3,"column":0},"end":{"line":3,"column":43}},"3":{"start":{"line":4,"column":0},"end":{"line":4,"column":31}},"4":{"start":{"line":5,"column":0},"end":{"line":5,"column":45}},"5":{"start":{"line":6,"column":0},"end":{"line":6,"column":37}},"6":{"start":{"line":7,"column":0},"end":{"line":32,"column":2}},"7":{"start":{"line":8,"column":4},"end":{"line":31,"column":6}},"8":{"start":{"line":9,"column":8},"end":{"line":9,"column":32}},"9":{"start":{"line":10,"column":8},"end":{"line":10,"column":48}},"10":{"start":{"line":11,"column":8},"end":{"line":11,"column":20}},"11":{"start":{"line":12,"column":8},"end":{"line":14,"column":9}},"12":{"start":{"line":13,"column":12},"end":{"line":13,"column":42}},"13":{"start":{"line":15,"column":8},"end":{"line":15,"column":52}},"14":{"start":{"line":16,"column":8},"end":{"line":17,"column":46}},"15":{"start":{"line":17,"column":12},"end":{"line":17,"column":46}},"16":{"start":{"line":18,"column":8},"end":{"line":19,"column":70}},"17":{"start":{"line":19,"column":12},"end":{"line":19,"column":70}},"18":{"start":{"line":20,"column":8},"end":{"line":20,"column":22}},"19":{"start":{"line":33,"column":0},"end":{"line":43,"column":5}},"20":{"start":{"line":34,"column":4},"end":{"line":35,"column":5}},"21":{"start":{"line":36,"column":4},"end":{"line":36,"column":121}},"22":{"start":{"line":36,"column":61},"end":{"line":36,"column":118}},"23":{"start":{"line":37,"column":4},"end":{"line":37,"column":133}},"24":{"start":{"line":37,"column":65},"end":{"line":37,"column":130}},"25":{"start":{"line":38,"column":4},"end":{"line":38,"column":119}},"26":{"start":{"line":38,"column":58},"end":{"line":38,"column":116}},"27":{"start":{"line":39,"column":4},"end":{"line":39,"column":128}},"28":{"start":{"line":39,"column":59},"end":{"line":39,"column":125}},"29":{"start":{"line":40,"column":4},"end":{"line":40,"column":124}},"30":{"start":{"line":40,"column":57},"end":{"line":40,"column":121}},"31":{"start":{"line":41,"column":4},"end":{"line":41,"column":136}},"32":{"start":{"line":41,"column":60},"end":{"line":41,"column":133}},"33":{"start":{"line":42,"column":4},"end":{"line":42,"column":18}},"34":{"start":{"line":44,"column":0},"end":{"line":44,"column":24}},"35":{"start":{"line":45,"column":0},"end":{"line":45,"column":96}},"36":{"start":{"line":45,"column":37},"end":{"line":45,"column":94}},"37":{"start":{"line":46,"column":0},"end":{"line":46,"column":28}},"38":{"start":{"line":47,"column":0},"end":{"line":47,"column":108}},"39":{"start":{"line":47,"column":41},"end":{"line":47,"column":106}},"40":{"start":{"line":48,"column":0},"end":{"line":48,"column":36}},"41":{"start":{"line":49,"column":0},"end":{"line":49,"column":94}},"42":{"start":{"line":49,"column":34},"end":{"line":49,"column":92}},"43":{"start":{"line":50,"column":0},"end":{"line":50,"column":22}},"44":{"start":{"line":51,"column":0},"end":{"line":51,"column":103}},"45":{"start":{"line":51,"column":35},"end":{"line":51,"column":101}},"46":{"start":{"line":52,"column":0},"end":{"line":52,"column":24}},"47":{"start":{"line":53,"column":0},"end":{"line":53,"column":99}},"48":{"start":{"line":53,"column":33},"end":{"line":53,"column":97}},"49":{"start":{"line":54,"column":0},"end":{"line":54,"column":20}},"50":{"start":{"line":55,"column":0},"end":{"line":55,"column":111}},"51":{"start":{"line":55,"column":36},"end":{"line":55,"column":109}},"52":{"start":{"line":56,"column":0},"end":{"line":56,"column":26}}},"branchMap":{"1":{"line":9,"type":"binary-expr","locations":[{"start":{"line":9,"column":18},"end":{"line":9,"column":25}},{"start":{"line":9,"column":29},"end":{"line":9,"column":31}}]},"2":{"line":16,"type":"if","locations":[{"start":{"line":16,"column":8},"end":{"line":16,"column":8}},{"start":{"line":16,"column":8},"end":{"line":16,"column":8}}]},"3":{"line":18,"type":"if","locations":[{"start":{"line":18,"column":8},"end":{"line":18,"column":8}},{"start":{"line":18,"column":8},"end":{"line":18,"column":8}}]}},"l":{"2":1,"3":1,"4":1,"5":1,"6":1,"7":1,"8":2,"9":2,"10":2,"11":2,"12":2,"13":58,"15":2,"16":2,"17":0,"18":2,"19":0,"20":2,"33":1,"34":1,"36":1,"37":1,"38":1,"39":1,"40":1,"41":1,"42":1,"44":1,"45":1,"46":1,"47":1,"48":1,"49":1,"50":1,"51":1,"52":1,"53":1,"54":1,"55":1,"56":1}},
"C:\\inetpub\\wwwroot\\odata-v4-parser\\lib\\primitiveLiteral.js":{"path":"C:\\inetpub\\wwwroot\\odata-v4-parser\\lib\\primitiveLiteral.js","s":{"1":1,"2":1,"3":1,"4":1,"5":22,"6":1,"7":1,"8":1,"9":23,"10":0,"11":23,"12":0,"13":1,"14":1,"15":24,"16":2,"17":1,"18":1,"19":21,"20":21,"21":21,"22":1,"23":21,"24":21,"25":2,"26":1,"27":1,"28":1,"29":1,"30":1,"31":1,"32":21,"33":21,"34":2,"35":1,"36":1,"37":1,"38":1,"39":1,"40":1,"41":21,"42":21,"43":21,"44":1,"45":21,"46":21,"47":2,"48":1,"49":1,"50":1,"51":1,"52":1,"53":1,"54":21,"55":21,"56":21,"57":1,"58":21,"59":21,"60":2,"61":0,"62":2,"63":2,"64":2,"65":1,"66":1,"67":20,"68":20,"69":20,"70":0,"71":20,"72":20,"73":1,"74":0,"75":1,"76":1,"77":1,"78":1,"79":1,"80":25,"81":25,"82":25,"83":2,"84":25,"85":25,"86":20,"87":5,"88":5,"89":3,"90":3,"91":1,"92":2,"93":2,"94":0,"95":2,"96":1,"97":1,"98":93,"99":93,"100":93,"101":93,"102":3,"103":90,"104":90,"105":3,"106":90,"107":90,"108":38,"109":52,"110":52,"111":44,"112":44,"113":0,"114":8,"115":44,"116":3,"117":3,"118":3,"119":0,"120":3,"121":3,"122":3,"123":41,"124":47,"125":1,"126":1,"127":21,"128":21,"129":1,"130":21,"131":1,"132":1,"133":26,"134":26,"135":26,"136":9,"137":9,"138":125,"139":125,"140":13,"141":13,"142":13,"143":9,"144":9,"145":9,"146":9,"147":2,"148":7,"149":4,"150":112,"151":112,"152":0,"153":112,"154":7,"155":7,"156":0,"157":7,"158":7,"159":1,"160":1,"161":20,"162":19,"163":1,"164":1,"165":1,"166":1,"167":0,"168":1,"169":1,"170":1,"171":0,"172":1,"173":0,"174":1,"175":1,"176":1,"177":0,"178":1,"179":1,"180":1,"181":1,"182":1,"183":1,"184":1,"185":3,"186":3,"187":0,"188":3,"189":3,"190":0,"191":3,"192":3,"193":0,"194":0,"195":3,"196":1,"197":1,"198":1,"199":0,"200":1,"201":1,"202":2,"203":1,"204":1,"205":1,"206":1,"207":1,"208":1,"209":1,"210":1,"211":1,"212":0,"213":1,"214":1,"215":0,"216":1,"217":1,"218":1,"219":1,"220":17,"221":17,"222":8,"223":9,"224":9,"225":9,"226":0,"227":9,"228":9,"229":9,"230":18,"231":18,"232":3,"233":15,"234":5,"235":10,"236":9,"237":9,"238":1,"239":1,"240":26,"241":26,"242":20,"243":6,"244":6,"245":0,"246":6,"247":6,"248":0,"249":6,"250":1,"251":1,"252":30,"253":30,"254":20,"255":10,"256":10,"257":0,"258":10,"259":10,"260":0,"261":10,"262":10,"263":10,"264":3,"265":7,"266":7,"267":0,"268":7,"269":7,"270":7,"271":2,"272":2,"273":0,"274":2,"275":1,"276":1,"277":0,"278":1,"279":1,"280":7,"281":7,"282":6,"283":1,"284":1,"285":1,"286":1,"287":0,"288":1,"289":1,"290":0,"291":1,"292":0,"293":7,"294":1,"295":1,"296":24,"297":24,"298":24,"299":21,"300":3,"301":3,"302":0,"303":3,"304":3,"305":3,"306":2,"307":2,"308":0,"309":2,"310":1,"311":1,"312":0,"313":1,"314":1,"315":3,"316":1,"317":1,"318":26,"319":26,"320":6,"321":20,"322":0,"323":20,"324":20,"325":0,"326":20,"327":1,"328":1,"329":6,"330":6,"331":0,"332":6,"333":6,"334":6,"335":6,"336":2,"337":4,"338":4,"339":4,"340":0,"341":4,"342":4,"343":1,"344":1,"345":8,"346":1,"347":1,"348":4,"349":1,"350":1,"351":4,"352":1,"353":1,"354":16,"355":0,"356":16,"357":16,"358":16,"359":16,"360":0,"361":16,"362":16,"363":16,"364":0,"365":16,"366":16,"367":16,"368":0,"369":16,"370":16,"371":1,"372":1,"373":2,"374":0,"375":2,"376":2,"377":2,"378":2,"379":0,"380":2,"381":1,"382":1,"383":2,"384":0,"385":2,"386":2,"387":2,"388":2,"389":2,"390":0,"391":1,"392":1,"393":4,"394":1,"395":1,"396":4,"397":0,"398":4,"399":4,"400":4,"401":4,"402":0,"403":4,"404":4,"405":1,"406":1,"407":2,"408":1,"409":1,"410":4,"411":1,"412":1,"413":2,"414":1,"415":1,"416":20,"417":2,"418":18,"419":18,"420":18,"421":18,"422":18,"423":8,"424":10,"425":10,"426":18,"427":18,"428":18,"429":10,"430":10,"431":8,"432":8,"433":0,"434":8,"435":8,"436":8,"437":0,"438":8,"439":10,"440":1,"441":1,"442":8,"443":0,"444":8,"445":8,"446":8,"447":8,"448":8,"449":6,"450":6,"451":2,"452":4,"453":4,"454":6,"455":6,"456":6,"457":2,"458":2,"459":4,"460":4,"461":0,"462":4,"463":4,"464":4,"465":2,"466":2,"467":2,"468":4,"469":1,"470":1,"471":2,"472":1,"473":1,"474":2,"475":1,"476":1,"477":2,"478":1,"479":1,"480":2,"481":1,"482":1,"483":2,"484":1,"485":1,"486":4,"487":1,"488":1,"489":2,"490":1,"491":1,"492":2,"493":1,"494":1,"495":16,"496":16,"497":0,"498":16,"499":16,"500":6,"501":10,"502":1,"503":1,"504":8,"505":8,"506":7,"507":1,"508":1,"509":1,"510":1,"511":0,"512":1,"513":1,"514":1,"515":0,"516":1,"517":1,"518":1,"519":0,"520":1,"521":1,"522":1,"523":1,"524":8,"525":1,"526":1,"527":8,"528":1,"529":1,"530":9,"531":1,"532":1,"533":8,"534":1,"535":1,"536":8,"537":1,"538":1,"539":8,"540":1,"541":1,"542":8,"543":1,"544":1,"545":8,"546":1,"547":1,"548":8,"549":1,"550":1,"551":9,"552":1,"553":1,"554":8,"555":1,"556":1,"557":8,"558":1,"559":1,"560":8,"561":1,"562":1,"563":106,"564":106,"565":91,"566":15,"567":15,"568":15,"569":15,"570":0,"571":15,"572":15,"573":15,"574":6,"575":9,"576":9,"577":9,"578":0,"579":9,"580":9,"581":1,"582":1,"583":21,"584":1},"b":{"1":[1,21],"2":[0,23],"3":[0,23],"4":[2,22],"5":[24,6,3,3,3,3,3,3,2],"6":[1,20],"7":[2,19],"8":[1,1],"9":[1,0],"10":[1,1],"11":[2,19],"12":[1,1],"13":[1,0],"14":[1,1],"15":[1,20],"16":[2,19],"17":[1,1],"18":[1,0],"19":[1,1],"20":[1,20],"21":[2,19],"22":[0,2],"23":[2,0],"24":[2,2],"25":[0,20],"26":[1,19],"27":[0,1],"28":[1,0],"29":[1,1],"30":[0,1],"31":[2,23],"32":[20,5],"33":[3,2],"34":[1,2],"35":[3,2],"36":[0,2],"37":[3,90],"38":[3,87],"39":[38,52],"40":[44,8],"41":[0,44],"42":[3,41],"43":[0,3],"44":[3,0],"45":[1,20],"46":[9,17],"47":[13,112],"48":[9,4],"49":[2,7],"50":[9,3,3,2,2],"51":[0,112],"52":[7,0],"53":[0,7],"54":[19,1],"55":[0,1],"56":[0,1],"57":[0,1],"58":[0,1],"59":[1,0],"60":[1,0],"61":[1,0],"62":[0,3],"63":[0,3],"64":[0,3],"65":[1,2],"66":[0,1],"67":[1,1],"68":[1,1],"69":[1,0],"70":[0,1],"71":[0,1],"72":[8,9],"73":[0,9],"74":[27,27],"75":[3,15],"76":[5,10],"77":[15,11,8,5],"78":[20,6],"79":[26,7],"80":[0,6],"81":[6,6],"82":[0,6],"83":[6,6],"84":[20,10],"85":[30,11],"86":[0,10],"87":[10,10],"88":[0,10],"89":[10,10],"90":[3,7],"91":[10,10],"92":[0,7],"93":[2,5],"94":[0,2],"95":[1,1],"96":[0,1],"97":[6,1],"98":[1,0],"99":[0,1],"100":[1,1],"101":[0,1],"102":[21,3],"103":[24,4],"104":[0,3],"105":[2,1],"106":[0,2],"107":[1,1],"108":[0,1],"109":[6,20],"110":[0,20],"111":[0,20],"112":[0,6],"113":[2,4],"114":[0,4],"115":[0,16],"116":[0,16],"117":[0,16],"118":[0,16],"119":[0,2],"120":[0,2],"121":[0,2],"122":[2,0],"123":[0,4],"124":[0,4],"125":[2,18],"126":[8,10],"127":[10,8],"128":[0,8],"129":[0,8],"130":[0,8],"131":[6,2],"132":[2,4],"133":[2,4],"134":[0,4],"135":[2,2],"136":[2,2,0,0,0,0,0],"137":[0,16],"138":[6,10],"139":[7,1],"140":[0,1],"141":[0,1],"142":[0,1],"143":[91,15],"144":[0,15],"145":[6,9],"146":[0,9],"147":[21,21,21,20,20,20,20,20,20,20,20,20,20,19,19,17,16,7,7,7,7,7,7,7,7,7,7,7,7,7,7,7]},"f":{"1":22,"2":23,"3":24,"4":21,"5":21,"6":21,"7":21,"8":20,"9":25,"10":93,"11":21,"12":26,"13":20,"14":3,"15":17,"16":26,"17":30,"18":24,"19":26,"20":6,"21":8,"22":4,"23":4,"24":16,"25":2,"26":2,"27":4,"28":4,"29":2,"30":4,"31":2,"32":20,"33":8,"34":2,"35":2,"36":2,"37":2,"38":2,"39":4,"40":2,"41":2,"42":16,"43":8,"44":8,"45":8,"46":9,"47":8,"48":8,"49":8,"50":8,"51":8,"52":8,"53":9,"54":8,"55":8,"56":8,"57":106,"58":21},"fnMap":{"1":{"name":"nullValue","line":5,"loc":{"start":{"line":5,"column":0},"end":{"line":5,"column":33}}},"2":{"name":"booleanValue","line":10,"loc":{"start":{"line":10,"column":0},"end":{"line":10,"column":36}}},"3":{"name":"guidValue","line":17,"loc":{"start":{"line":17,"column":0},"end":{"line":17,"column":33}}},"4":{"name":"sbyteValue","line":30,"loc":{"start":{"line":30,"column":0},"end":{"line":30,"column":34}}},"5":{"name":"byteValue","line":45,"loc":{"start":{"line":45,"column":0},"end":{"line":45,"column":33}}},"6":{"name":"int16Value","line":56,"loc":{"start":{"line":56,"column":0},"end":{"line":56,"column":34}}},"7":{"name":"int32Value","line":71,"loc":{"start":{"line":71,"column":0},"end":{"line":71,"column":34}}},"8":{"name":"int64Value","line":86,"loc":{"start":{"line":86,"column":0},"end":{"line":86,"column":34}}},"9":{"name":"decimalValue","line":101,"loc":{"start":{"line":101,"column":0},"end":{"line":101,"column":36}}},"10":{"name":"doubleValue","line":123,"loc":{"start":{"line":123,"column":0},"end":{"line":123,"column":35}}},"11":{"name":"singleValue","line":163,"loc":{"start":{"line":163,"column":0},"end":{"line":163,"column":35}}},"12":{"name":"stringValue","line":171,"loc":{"start":{"line":171,"column":0},"end":{"line":171,"column":35}}},"13":{"name":"durationValue","line":208,"loc":{"start":{"line":208,"column":0},"end":{"line":208,"column":37}}},"14":{"name":"(anonymous_14)","line":232,"loc":{"start":{"line":232,"column":26},"end":{"line":232,"column":38}}},"15":{"name":"binaryValue","line":274,"loc":{"start":{"line":274,"column":0},"end":{"line":274,"column":35}}},"16":{"name":"dateValue","line":300,"loc":{"start":{"line":300,"column":0},"end":{"line":300,"column":33}}},"17":{"name":"dateTimeOffsetValue","line":314,"loc":{"start":{"line":314,"column":0},"end":{"line":314,"column":43}}},"18":{"name":"timeOfDayValue","line":365,"loc":{"start":{"line":365,"column":0},"end":{"line":365,"column":38}}},"19":{"name":"positionLiteral","line":392,"loc":{"start":{"line":392,"column":0},"end":{"line":392,"column":39}}},"20":{"name":"pointData","line":404,"loc":{"start":{"line":404,"column":0},"end":{"line":404,"column":33}}},"21":{"name":"lineStringData","line":421,"loc":{"start":{"line":421,"column":0},"end":{"line":421,"column":38}}},"22":{"name":"ringLiteral","line":425,"loc":{"start":{"line":425,"column":0},"end":{"line":425,"column":35}}},"23":{"name":"polygonData","line":432,"loc":{"start":{"line":432,"column":0},"end":{"line":432,"column":35}}},"24":{"name":"sridLiteral","line":436,"loc":{"start":{"line":436,"column":0},"end":{"line":436,"column":35}}},"25":{"name":"pointLiteral","line":456,"loc":{"start":{"line":456,"column":0},"end":{"line":456,"column":36}}},"26":{"name":"polygonLiteral","line":467,"loc":{"start":{"line":467,"column":0},"end":{"line":467,"column":38}}},"27":{"name":"collectionLiteral","line":478,"loc":{"start":{"line":478,"column":0},"end":{"line":478,"column":41}}},"28":{"name":"lineStringLiteral","line":482,"loc":{"start":{"line":482,"column":0},"end":{"line":482,"column":41}}},"29":{"name":"multiLineStringLiteral","line":494,"loc":{"start":{"line":494,"column":0},"end":{"line":494,"column":46}}},"30":{"name":"multiPointLiteral","line":498,"loc":{"start":{"line":498,"column":0},"end":{"line":498,"column":41}}},"31":{"name":"multiPolygonLiteral","line":502,"loc":{"start":{"line":502,"column":0},"end":{"line":502,"column":43}}},"32":{"name":"multiGeoLiteralFactory","line":506,"loc":{"start":{"line":506,"column":0},"end":{"line":506,"column":67}}},"33":{"name":"multiGeoLiteralOptionalFactory","line":535,"loc":{"start":{"line":535,"column":0},"end":{"line":535,"column":75}}},"34":{"name":"geoLiteral","line":569,"loc":{"start":{"line":569,"column":0},"end":{"line":569,"column":34}}},"35":{"name":"fullPointLiteral","line":579,"loc":{"start":{"line":579,"column":0},"end":{"line":579,"column":40}}},"36":{"name":"fullCollectionLiteral","line":583,"loc":{"start":{"line":583,"column":0},"end":{"line":583,"column":45}}},"37":{"name":"fullLineStringLiteral","line":587,"loc":{"start":{"line":587,"column":0},"end":{"line":587,"column":45}}},"38":{"name":"fullMultiLineStringLiteral","line":591,"loc":{"start":{"line":591,"column":0},"end":{"line":591,"column":50}}},"39":{"name":"fullMultiPointLiteral","line":595,"loc":{"start":{"line":595,"column":0},"end":{"line":595,"column":45}}},"40":{"name":"fullMultiPolygonLiteral","line":599,"loc":{"start":{"line":599,"column":0},"end":{"line":599,"column":47}}},"41":{"name":"fullPolygonLiteral","line":603,"loc":{"start":{"line":603,"column":0},"end":{"line":603,"column":42}}},"42":{"name":"fullGeoLiteralFactory","line":607,"loc":{"start":{"line":607,"column":0},"end":{"line":607,"column":54}}},"43":{"name":"geographyCollection","line":617,"loc":{"start":{"line":617,"column":0},"end":{"line":617,"column":43}}},"44":{"name":"geographyLineString","line":638,"loc":{"start":{"line":638,"column":0},"end":{"line":638,"column":43}}},"45":{"name":"geographyMultiLineString","line":642,"loc":{"start":{"line":642,"column":0},"end":{"line":642,"column":48}}},"46":{"name":"geographyMultiPoint","line":646,"loc":{"start":{"line":646,"column":0},"end":{"line":646,"column":43}}},"47":{"name":"geographyMultiPolygon","line":650,"loc":{"start":{"line":650,"column":0},"end":{"line":650,"column":45}}},"48":{"name":"geographyPoint","line":654,"loc":{"start":{"line":654,"column":0},"end":{"line":654,"column":38}}},"49":{"name":"geographyPolygon","line":658,"loc":{"start":{"line":658,"column":0},"end":{"line":658,"column":40}}},"50":{"name":"geometryCollection","line":662,"loc":{"start":{"line":662,"column":0},"end":{"line":662,"column":42}}},"51":{"name":"geometryLineString","line":666,"loc":{"start":{"line":666,"column":0},"end":{"line":666,"column":42}}},"52":{"name":"geometryMultiLineString","line":670,"loc":{"start":{"line":670,"column":0},"end":{"line":670,"column":47}}},"53":{"name":"geometryMultiPoint","line":674,"loc":{"start":{"line":674,"column":0},"end":{"line":674,"column":42}}},"54":{"name":"geometryMultiPolygon","line":678,"loc":{"start":{"line":678,"column":0},"end":{"line":678,"column":44}}},"55":{"name":"geometryPoint","line":682,"loc":{"start":{"line":682,"column":0},"end":{"line":682,"column":37}}},"56":{"name":"geometryPolygon","line":686,"loc":{"start":{"line":686,"column":0},"end":{"line":686,"column":39}}},"57":{"name":"geoLiteralFactory","line":690,"loc":{"start":{"line":690,"column":0},"end":{"line":690,"column":64}}},"58":{"name":"primitiveLiteral","line":711,"loc":{"start":{"line":711,"column":0},"end":{"line":711,"column":40}}}},"statementMap":{"1":{"start":{"line":2,"column":0},"end":{"line":2,"column":31}},"2":{"start":{"line":3,"column":0},"end":{"line":3,"column":31}},"3":{"start":{"line":4,"column":0},"end":{"line":4,"column":53}},"4":{"start":{"line":5,"column":0},"end":{"line":8,"column":1}},"5":{"start":{"line":6,"column":4},"end":{"line":7,"column":88}},"6":{"start":{"line":7,"column":8},"end":{"line":7,"column":88}},"7":{"start":{"line":9,"column":0},"end":{"line":9,"column":30}},"8":{"start":{"line":10,"column":0},"end":{"line":15,"column":1}},"9":{"start":{"line":11,"column":4},"end":{"line":12,"column":95}},"10":{"start":{"line":12,"column":8},"end":{"line":12,"column":95}},"11":{"start":{"line":13,"column":4},"end":{"line":14,"column":95}},"12":{"start":{"line":14,"column":8},"end":{"line":14,"column":95}},"13":{"start":{"line":16,"column":0},"end":{"line":16,"column":36}},"14":{"start":{"line":17,"column":0},"end":{"line":28,"column":1}},"15":{"start":{"line":18,"column":4},"end":{"line":27,"column":93}},"16":{"start":{"line":27,"column":8},"end":{"line":27,"column":93}},"17":{"start":{"line":29,"column":0},"end":{"line":29,"column":30}},"18":{"start":{"line":30,"column":0},"end":{"line":43,"column":1}},"19":{"start":{"line":31,"column":4},"end":{"line":31,"column":22}},"20":{"start":{"line":32,"column":4},"end":{"line":32,"column":40}},"21":{"start":{"line":33,"column":4},"end":{"line":34,"column":21}},"22":{"start":{"line":34,"column":8},"end":{"line":34,"column":21}},"23":{"start":{"line":35,"column":4},"end":{"line":35,"column":63}},"24":{"start":{"line":36,"column":4},"end":{"line":42,"column":5}},"25":{"start":{"line":37,"column":8},"end":{"line":38,"column":19}},"26":{"start":{"line":38,"column":12},"end":{"line":38,"column":19}},"27":{"start":{"line":39,"column":8},"end":{"line":39,"column":68}},"28":{"start":{"line":40,"column":8},"end":{"line":41,"column":92}},"29":{"start":{"line":41,"column":12},"end":{"line":41,"column":92}},"30":{"start":{"line":44,"column":0},"end":{"line":44,"column":32}},"31":{"start":{"line":45,"column":0},"end":{"line":54,"column":1}},"32":{"start":{"line":46,"column":4},"end":{"line":46,"column":63}},"33":{"start":{"line":47,"column":4},"end":{"line":53,"column":5}},"34":{"start":{"line":48,"column":8},"end":{"line":49,"column":19}},"35":{"start":{"line":49,"column":12},"end":{"line":49,"column":19}},"36":{"start":{"line":50,"column":8},"end":{"line":50,"column":68}},"37":{"start":{"line":51,"column":8},"end":{"line":52,"column":91}},"38":{"start":{"line":52,"column":12},"end":{"line":52,"column":91}},"39":{"start":{"line":55,"column":0},"end":{"line":55,"column":30}},"40":{"start":{"line":56,"column":0},"end":{"line":69,"column":1}},"41":{"start":{"line":57,"column":4},"end":{"line":57,"column":22}},"42":{"start":{"line":58,"column":4},"end":{"line":58,"column":40}},"43":{"start":{"line":59,"column":4},"end":{"line":60,"column":21}},"44":{"start":{"line":60,"column":8},"end":{"line":60,"column":21}},"45":{"start":{"line":61,"column":4},"end":{"line":61,"column":63}},"46":{"start":{"line":62,"column":4},"end":{"line":68,"column":5}},"47":{"start":{"line":63,"column":8},"end":{"line":64,"column":19}},"48":{"start":{"line":64,"column":12},"end":{"line":64,"column":19}},"49":{"start":{"line":65,"column":8},"end":{"line":65,"column":68}},"50":{"start":{"line":66,"column":8},"end":{"line":67,"column":92}},"51":{"start":{"line":67,"column":12},"end":{"line":67,"column":92}},"52":{"start":{"line":70,"column":0},"end":{"line":70,"column":32}},"53":{"start":{"line":71,"column":0},"end":{"line":84,"column":1}},"54":{"start":{"line":72,"column":4},"end":{"line":72,"column":22}},"55":{"start":{"line":73,"column":4},"end":{"line":73,"column":40}},"56":{"start":{"line":74,"column":4},"end":{"line":75,"column":21}},"57":{"start":{"line":75,"column":8},"end":{"line":75,"column":21}},"58":{"start":{"line":76,"column":4},"end":{"line":76,"column":64}},"59":{"start":{"line":77,"column":4},"end":{"line":83,"column":5}},"60":{"start":{"line":78,"column":8},"end":{"line":79,"column":19}},"61":{"start":{"line":79,"column":12},"end":{"line":79,"column":19}},"62":{"start":{"line":80,"column":8},"end":{"line":80,"column":68}},"63":{"start":{"line":81,"column":8},"end":{"line":82,"column":92}},"64":{"start":{"line":82,"column":12},"end":{"line":82,"column":92}},"65":{"start":{"line":85,"column":0},"end":{"line":85,"column":32}},"66":{"start":{"line":86,"column":0},"end":{"line":99,"column":1}},"67":{"start":{"line":87,"column":4},"end":{"line":87,"column":22}},"68":{"start":{"line":88,"column":4},"end":{"line":88,"column":40}},"69":{"start":{"line":89,"column":4},"end":{"line":90,"column":21}},"70":{"start":{"line":90,"column":8},"end":{"line":90,"column":21}},"71":{"start":{"line":91,"column":4},"end":{"line":91,"column":64}},"72":{"start":{"line":92,"column":4},"end":{"line":98,"column":5}},"73":{"start":{"line":93,"column":8},"end":{"line":94,"column":19}},"74":{"start":{"line":94,"column":12},"end":{"line":94,"column":19}},"75":{"start":{"line":95,"column":8},"end":{"line":95,"column":54}},"76":{"start":{"line":96,"column":8},"end":{"line":97,"column":92}},"77":{"start":{"line":97,"column":12},"end":{"line":97,"column":92}},"78":{"start":{"line":100,"column":0},"end":{"line":100,"column":32}},"79":{"start":{"line":101,"column":0},"end":{"line":121,"column":1}},"80":{"start":{"line":102,"column":4},"end":{"line":102,"column":22}},"81":{"start":{"line":103,"column":4},"end":{"line":103,"column":40}},"82":{"start":{"line":104,"column":4},"end":{"line":105,"column":21}},"83":{"start":{"line":105,"column":8},"end":{"line":105,"column":21}},"84":{"start":{"line":106,"column":4},"end":{"line":106,"column":63}},"85":{"start":{"line":107,"column":4},"end":{"line":108,"column":15}},"86":{"start":{"line":108,"column":8},"end":{"line":108,"column":15}},"87":{"start":{"line":109,"column":4},"end":{"line":109,"column":22}},"88":{"start":{"line":110,"column":4},"end":{"line":116,"column":15}},"89":{"start":{"line":111,"column":8},"end":{"line":111,"column":65}},"90":{"start":{"line":112,"column":8},"end":{"line":113,"column":19}},"91":{"start":{"line":113,"column":12},"end":{"line":113,"column":19}},"92":{"start":{"line":116,"column":8},"end":{"line":116,"column":15}},"93":{"start":{"line":118,"column":4},"end":{"line":119,"column":15}},"94":{"start":{"line":119,"column":8},"end":{"line":119,"column":15}},"95":{"start":{"line":120,"column":4},"end":{"line":120,"column":85}},"96":{"start":{"line":122,"column":0},"end":{"line":122,"column":36}},"97":{"start":{"line":123,"column":0},"end":{"line":161,"column":1}},"98":{"start":{"line":124,"column":4},"end":{"line":124,"column":22}},"99":{"start":{"line":125,"column":4},"end":{"line":125,"column":20}},"100":{"start":{"line":126,"column":4},"end":{"line":126,"column":52}},"101":{"start":{"line":127,"column":4},"end":{"line":159,"column":5}},"102":{"start":{"line":128,"column":8},"end":{"line":128,"column":25}},"103":{"start":{"line":133,"column":8},"end":{"line":133,"column":44}},"104":{"start":{"line":134,"column":8},"end":{"line":135,"column":25}},"105":{"start":{"line":135,"column":12},"end":{"line":135,"column":25}},"106":{"start":{"line":136,"column":8},"end":{"line":136,"column":67}},"107":{"start":{"line":137,"column":8},"end":{"line":138,"column":19}},"108":{"start":{"line":138,"column":12},"end":{"line":138,"column":19}},"109":{"start":{"line":139,"column":8},"end":{"line":139,"column":34}},"110":{"start":{"line":140,"column":8},"end":{"line":146,"column":19}},"111":{"start":{"line":141,"column":12},"end":{"line":141,"column":77}},"112":{"start":{"line":142,"column":12},"end":{"line":143,"column":23}},"113":{"start":{"line":143,"column":16},"end":{"line":143,"column":23}},"114":{"start":{"line":146,"column":12},"end":{"line":146,"column":19}},"115":{"start":{"line":147,"column":8},"end":{"line":158,"column":30}},"116":{"start":{"line":148,"column":12},"end":{"line":148,"column":39}},"117":{"start":{"line":149,"column":12},"end":{"line":149,"column":47}},"118":{"start":{"line":150,"column":12},"end":{"line":151,"column":28}},"119":{"start":{"line":151,"column":16},"end":{"line":151,"column":28}},"120":{"start":{"line":152,"column":12},"end":{"line":152,"column":72}},"121":{"start":{"line":153,"column":12},"end":{"line":155,"column":13}},"122":{"start":{"line":154,"column":16},"end":{"line":154,"column":32}},"123":{"start":{"line":158,"column":12},"end":{"line":158,"column":30}},"124":{"start":{"line":160,"column":4},"end":{"line":160,"column":84}},"125":{"start":{"line":162,"column":0},"end":{"line":162,"column":34}},"126":{"start":{"line":163,"column":0},"end":{"line":169,"column":1}},"127":{"start":{"line":164,"column":4},"end":{"line":164,"column":42}},"128":{"start":{"line":165,"column":4},"end":{"line":167,"column":5}},"129":{"start":{"line":166,"column":8},"end":{"line":166,"column":35}},"130":{"start":{"line":168,"column":4},"end":{"line":168,"column":17}},"131":{"start":{"line":170,"column":0},"end":{"line":170,"column":34}},"132":{"start":{"line":171,"column":0},"end":{"line":206,"column":1}},"133":{"start":{"line":172,"column":4},"end":{"line":172,"column":22}},"134":{"start":{"line":173,"column":4},"end":{"line":173,"column":44}},"135":{"start":{"line":174,"column":4},"end":{"line":205,"column":5}},"136":{"start":{"line":175,"column":8},"end":{"line":175,"column":23}},"137":{"start":{"line":176,"column":8},"end":{"line":199,"column":9}},"138":{"start":{"line":177,"column":12},"end":{"line":177,"column":48}},"139":{"start":{"line":178,"column":12},"end":{"line":198,"column":13}},"140":{"start":{"line":179,"column":16},"end":{"line":179,"column":31}},"141":{"start":{"line":180,"column":16},"end":{"line":180,"column":52}},"142":{"start":{"line":181,"column":16},"end":{"line":191,"column":17}},"143":{"start":{"line":182,"column":20},"end":{"line":182,"column":58}},"144":{"start":{"line":183,"column":20},"end":{"line":183,"column":58}},"145":{"start":{"line":184,"column":20},"end":{"line":184,"column":51}},"146":{"start":{"line":185,"column":20},"end":{"line":186,"column":31}},"147":{"start":{"line":186,"column":24},"end":{"line":186,"column":31}},"148":{"start":{"line":187,"column":20},"end":{"line":187,"column":26}},"149":{"start":{"line":190,"column":20},"end":{"line":190,"column":35}},"150":{"start":{"line":194,"column":16},"end":{"line":194,"column":101}},"151":{"start":{"line":195,"column":16},"end":{"line":196,"column":27}},"152":{"start":{"line":196,"column":20},"end":{"line":196,"column":27}},"153":{"start":{"line":197,"column":16},"end":{"line":197,"column":34}},"154":{"start":{"line":200,"column":8},"end":{"line":200,"column":82}},"155":{"start":{"line":201,"column":8},"end":{"line":202,"column":19}},"156":{"start":{"line":202,"column":12},"end":{"line":202,"column":19}},"157":{"start":{"line":203,"column":8},"end":{"line":203,"column":23}},"158":{"start":{"line":204,"column":8},"end":{"line":204,"column":90}},"159":{"start":{"line":207,"column":0},"end":{"line":207,"column":34}},"160":{"start":{"line":208,"column":0},"end":{"line":272,"column":1}},"161":{"start":{"line":209,"column":4},"end":{"line":210,"column":15}},"162":{"start":{"line":210,"column":8},"end":{"line":210,"column":15}},"163":{"start":{"line":211,"column":4},"end":{"line":211,"column":22}},"164":{"start":{"line":212,"column":4},"end":{"line":212,"column":15}},"165":{"start":{"line":213,"column":4},"end":{"line":213,"column":44}},"166":{"start":{"line":214,"column":4},"end":{"line":215,"column":15}},"167":{"start":{"line":215,"column":8},"end":{"line":215,"column":15}},"168":{"start":{"line":216,"column":4},"end":{"line":216,"column":19}},"169":{"start":{"line":217,"column":4},"end":{"line":217,"column":40}},"170":{"start":{"line":218,"column":4},"end":{"line":219,"column":21}},"171":{"start":{"line":219,"column":8},"end":{"line":219,"column":21}},"172":{"start":{"line":220,"column":4},"end":{"line":221,"column":15}},"173":{"start":{"line":221,"column":8},"end":{"line":221,"column":15}},"174":{"start":{"line":222,"column":4},"end":{"line":222,"column":12}},"175":{"start":{"line":223,"column":4},"end":{"line":223,"column":63}},"176":{"start":{"line":224,"column":4},"end":{"line":225,"column":15}},"177":{"start":{"line":225,"column":8},"end":{"line":225,"column":15}},"178":{"start":{"line":226,"column":4},"end":{"line":226,"column":20}},"179":{"start":{"line":227,"column":4},"end":{"line":228,"column":16}},"180":{"start":{"line":228,"column":8},"end":{"line":228,"column":16}},"181":{"start":{"line":229,"column":4},"end":{"line":229,"column":20}},"182":{"start":{"line":230,"column":4},"end":{"line":266,"column":5}},"183":{"start":{"line":231,"column":8},"end":{"line":231,"column":16}},"184":{"start":{"line":232,"column":8},"end":{"line":262,"column":10}},"185":{"start":{"line":233,"column":12},"end":{"line":233,"column":52}},"186":{"start":{"line":234,"column":12},"end":{"line":235,"column":29}},"187":{"start":{"line":235,"column":16},"end":{"line":235,"column":29}},"188":{"start":{"line":236,"column":12},"end":{"line":236,"column":73}},"189":{"start":{"line":237,"column":12},"end":{"line":238,"column":23}},"190":{"start":{"line":238,"column":16},"end":{"line":238,"column":23}},"191":{"start":{"line":239,"column":12},"end":{"line":239,"column":30}},"192":{"start":{"line":240,"column":12},"end":{"line":261,"column":13}},"193":{"start":{"line":241,"column":16},"end":{"line":241,"column":32}},"194":{"start":{"line":242,"column":16},"end":{"line":242,"column":27}},"195":{"start":{"line":244,"column":17},"end":{"line":261,"column":13}},"196":{"start":{"line":245,"column":16},"end":{"line":245,"column":24}},"197":{"start":{"line":246,"column":16},"end":{"line":246,"column":89}},"198":{"start":{"line":247,"column":16},"end":{"line":248,"column":27}},"199":{"start":{"line":248,"column":20},"end":{"line":248,"column":27}},"200":{"start":{"line":249,"column":16},"end":{"line":249,"column":48}},"201":{"start":{"line":250,"column":16},"end":{"line":250,"column":27}},"202":{"start":{"line":252,"column":17},"end":{"line":261,"column":13}},"203":{"start":{"line":253,"column":16},"end":{"line":253,"column":24}},"204":{"start":{"line":254,"column":16},"end":{"line":254,"column":28}},"205":{"start":{"line":255,"column":16},"end":{"line":255,"column":37}},"206":{"start":{"line":257,"column":17},"end":{"line":261,"column":13}},"207":{"start":{"line":258,"column":16},"end":{"line":258,"column":24}},"208":{"start":{"line":259,"column":16},"end":{"line":259,"column":28}},"209":{"start":{"line":260,"column":16},"end":{"line":260,"column":37}},"210":{"start":{"line":263,"column":8},"end":{"line":263,"column":33}},"211":{"start":{"line":264,"column":8},"end":{"line":265,"column":19}},"212":{"start":{"line":265,"column":12},"end":{"line":265,"column":19}},"213":{"start":{"line":267,"column":4},"end":{"line":267,"column":38}},"214":{"start":{"line":268,"column":4},"end":{"line":269,"column":15}},"215":{"start":{"line":269,"column":8},"end":{"line":269,"column":15}},"216":{"start":{"line":270,"column":4},"end":{"line":270,"column":17}},"217":{"start":{"line":271,"column":4},"end":{"line":271,"column":86}},"218":{"start":{"line":273,"column":0},"end":{"line":273,"column":38}},"219":{"start":{"line":274,"column":0},"end":{"line":298,"column":1}},"220":{"start":{"line":275,"column":4},"end":{"line":275,"column":22}},"221":{"start":{"line":276,"column":4},"end":{"line":277,"column":15}},"222":{"start":{"line":277,"column":8},"end":{"line":277,"column":15}},"223":{"start":{"line":278,"column":4},"end":{"line":278,"column":15}},"224":{"start":{"line":279,"column":4},"end":{"line":279,"column":44}},"225":{"start":{"line":280,"column":4},"end":{"line":281,"column":15}},"226":{"start":{"line":281,"column":8},"end":{"line":281,"column":15}},"227":{"start":{"line":282,"column":4},"end":{"line":282,"column":19}},"228":{"start":{"line":283,"column":4},"end":{"line":283,"column":25}},"229":{"start":{"line":284,"column":4},"end":{"line":295,"column":5}},"230":{"start":{"line":285,"column":8},"end":{"line":285,"column":88}},"231":{"start":{"line":286,"column":8},"end":{"line":294,"column":20}},"232":{"start":{"line":287,"column":12},"end":{"line":287,"column":24}},"233":{"start":{"line":288,"column":13},"end":{"line":294,"column":20}},"234":{"start":{"line":292,"column":12},"end":{"line":292,"column":23}},"235":{"start":{"line":294,"column":12},"end":{"line":294,"column":20}},"236":{"start":{"line":296,"column":4},"end":{"line":296,"column":19}},"237":{"start":{"line":297,"column":4},"end":{"line":297,"column":144}},"238":{"start":{"line":299,"column":0},"end":{"line":299,"column":34}},"239":{"start":{"line":300,"column":0},"end":{"line":312,"column":1}},"240":{"start":{"line":301,"column":4},"end":{"line":301,"column":44}},"241":{"start":{"line":302,"column":4},"end":{"line":303,"column":15}},"242":{"start":{"line":303,"column":8},"end":{"line":303,"column":15}},"243":{"start":{"line":304,"column":4},"end":{"line":304,"column":53}},"244":{"start":{"line":305,"column":4},"end":{"line":306,"column":15}},"245":{"start":{"line":306,"column":8},"end":{"line":306,"column":15}},"246":{"start":{"line":307,"column":4},"end":{"line":307,"column":50}},"247":{"start":{"line":309,"column":4},"end":{"line":310,"column":15}},"248":{"start":{"line":310,"column":8},"end":{"line":310,"column":15}},"249":{"start":{"line":311,"column":4},"end":{"line":311,"column":86}},"250":{"start":{"line":313,"column":0},"end":{"line":313,"column":30}},"251":{"start":{"line":314,"column":0},"end":{"line":363,"column":1}},"252":{"start":{"line":315,"column":4},"end":{"line":315,"column":44}},"253":{"start":{"line":316,"column":4},"end":{"line":317,"column":15}},"254":{"start":{"line":317,"column":8},"end":{"line":317,"column":15}},"255":{"start":{"line":318,"column":4},"end":{"line":318,"column":53}},"256":{"start":{"line":319,"column":4},"end":{"line":320,"column":15}},"257":{"start":{"line":320,"column":8},"end":{"line":320,"column":15}},"258":{"start":{"line":321,"column":4},"end":{"line":321,"column":50}},"259":{"start":{"line":322,"column":4},"end":{"line":323,"column":15}},"260":{"start":{"line":323,"column":8},"end":{"line":323,"column":15}},"261":{"start":{"line":324,"column":4},"end":{"line":324,"column":50}},"262":{"start":{"line":325,"column":4},"end":{"line":325,"column":45}},"263":{"start":{"line":326,"column":4},"end":{"line":327,"column":15}},"264":{"start":{"line":327,"column":8},"end":{"line":327,"column":15}},"265":{"start":{"line":328,"column":4},"end":{"line":328,"column":55}},"266":{"start":{"line":329,"column":4},"end":{"line":330,"column":15}},"267":{"start":{"line":330,"column":8},"end":{"line":330,"column":15}},"268":{"start":{"line":331,"column":4},"end":{"line":331,"column":25}},"269":{"start":{"line":332,"column":4},"end":{"line":332,"column":47}},"270":{"start":{"line":333,"column":4},"end":{"line":345,"column":5}},"271":{"start":{"line":334,"column":8},"end":{"line":334,"column":52}},"272":{"start":{"line":335,"column":8},"end":{"line":336,"column":19}},"273":{"start":{"line":336,"column":12},"end":{"line":336,"column":19}},"274":{"start":{"line":337,"column":8},"end":{"line":344,"column":29}},"275":{"start":{"line":338,"column":12},"end":{"line":338,"column":87}},"276":{"start":{"line":339,"column":12},"end":{"line":340,"column":23}},"277":{"start":{"line":340,"column":16},"end":{"line":340,"column":23}},"278":{"start":{"line":341,"column":12},"end":{"line":341,"column":40}},"279":{"start":{"line":344,"column":12},"end":{"line":344,"column":29}},"280":{"start":{"line":346,"column":4},"end":{"line":346,"column":38}},"281":{"start":{"line":347,"column":4},"end":{"line":361,"column":15}},"282":{"start":{"line":348,"column":8},"end":{"line":348,"column":14}},"283":{"start":{"line":350,"column":9},"end":{"line":361,"column":15}},"284":{"start":{"line":351,"column":8},"end":{"line":351,"column":48}},"285":{"start":{"line":352,"column":8},"end":{"line":352,"column":50}},"286":{"start":{"line":353,"column":8},"end":{"line":354,"column":19}},"287":{"start":{"line":354,"column":12},"end":{"line":354,"column":19}},"288":{"start":{"line":355,"column":8},"end":{"line":355,"column":53}},"289":{"start":{"line":356,"column":8},"end":{"line":357,"column":19}},"290":{"start":{"line":357,"column":12},"end":{"line":357,"column":19}},"291":{"start":{"line":358,"column":8},"end":{"line":358,"column":26}},"292":{"start":{"line":361,"column":8},"end":{"line":361,"column":15}},"293":{"start":{"line":362,"column":4},"end":{"line":362,"column":92}},"294":{"start":{"line":364,"column":0},"end":{"line":364,"column":50}},"295":{"start":{"line":365,"column":0},"end":{"line":389,"column":1}},"296":{"start":{"line":366,"column":4},"end":{"line":366,"column":44}},"297":{"start":{"line":367,"column":4},"end":{"line":367,"column":45}},"298":{"start":{"line":368,"column":4},"end":{"line":369,"column":15}},"299":{"start":{"line":369,"column":8},"end":{"line":369,"column":15}},"300":{"start":{"line":370,"column":4},"end":{"line":370,"column":48}},"301":{"start":{"line":371,"column":4},"end":{"line":372,"column":15}},"302":{"start":{"line":372,"column":8},"end":{"line":372,"column":15}},"303":{"start":{"line":373,"column":4},"end":{"line":373,"column":25}},"304":{"start":{"line":374,"column":4},"end":{"line":374,"column":43}},"305":{"start":{"line":375,"column":4},"end":{"line":387,"column":5}},"306":{"start":{"line":376,"column":8},"end":{"line":376,"column":52}},"307":{"start":{"line":377,"column":8},"end":{"line":378,"column":19}},"308":{"start":{"line":378,"column":12},"end":{"line":378,"column":19}},"309":{"start":{"line":379,"column":8},"end":{"line":386,"column":29}},"310":{"start":{"line":380,"column":12},"end":{"line":380,"column":87}},"311":{"start":{"line":381,"column":12},"end":{"line":382,"column":23}},"312":{"start":{"line":382,"column":16},"end":{"line":382,"column":23}},"313":{"start":{"line":383,"column":12},"end":{"line":383,"column":40}},"314":{"start":{"line":386,"column":12},"end":{"line":386,"column":29}},"315":{"start":{"line":388,"column":4},"end":{"line":388,"column":87}},"316":{"start":{"line":390,"column":0},"end":{"line":390,"column":40}},"317":{"start":{"line":392,"column":0},"end":{"line":402,"column":1}},"318":{"start":{"line":393,"column":4},"end":{"line":393,"column":46}},"319":{"start":{"line":394,"column":4},"end":{"line":395,"column":15}},"320":{"start":{"line":395,"column":8},"end":{"line":395,"column":15}},"321":{"start":{"line":396,"column":4},"end":{"line":397,"column":15}},"322":{"start":{"line":397,"column":8},"end":{"line":397,"column":15}},"323":{"start":{"line":398,"column":4},"end":{"line":398,"column":58}},"324":{"start":{"line":399,"column":4},"end":{"line":400,"column":15}},"325":{"start":{"line":400,"column":8},"end":{"line":400,"column":15}},"326":{"start":{"line":401,"column":4},"end":{"line":401,"column":126}},"327":{"start":{"line":403,"column":0},"end":{"line":403,"column":42}},"328":{"start":{"line":404,"column":0},"end":{"line":419,"column":1}},"329":{"start":{"line":405,"column":4},"end":{"line":405,"column":40}},"330":{"start":{"line":406,"column":4},"end":{"line":407,"column":15}},"331":{"start":{"line":407,"column":8},"end":{"line":407,"column":15}},"332":{"start":{"line":408,"column":4},"end":{"line":408,"column":22}},"333":{"start":{"line":409,"column":4},"end":{"line":409,"column":17}},"334":{"start":{"line":410,"column":4},"end":{"line":410,"column":49}},"335":{"start":{"line":411,"column":4},"end":{"line":412,"column":15}},"336":{"start":{"line":412,"column":8},"end":{"line":412,"column":15}},"337":{"start":{"line":413,"column":4},"end":{"line":413,"column":26}},"338":{"start":{"line":414,"column":4},"end":{"line":414,"column":42}},"339":{"start":{"line":415,"column":4},"end":{"line":416,"column":15}},"340":{"start":{"line":416,"column":8},"end":{"line":416,"column":15}},"341":{"start":{"line":417,"column":4},"end":{"line":417,"column":18}},"342":{"start":{"line":418,"column":4},"end":{"line":418,"column":82}},"343":{"start":{"line":420,"column":0},"end":{"line":420,"column":30}},"344":{"start":{"line":421,"column":0},"end":{"line":423,"column":1}},"345":{"start":{"line":422,"column":4},"end":{"line":422,"column":69}},"346":{"start":{"line":424,"column":0},"end":{"line":424,"column":40}},"347":{"start":{"line":425,"column":0},"end":{"line":430,"column":1}},"348":{"start":{"line":426,"column":4},"end":{"line":426,"column":69}},"349":{"start":{"line":431,"column":0},"end":{"line":431,"column":34}},"350":{"start":{"line":432,"column":0},"end":{"line":434,"column":1}},"351":{"start":{"line":433,"column":4},"end":{"line":433,"column":65}},"352":{"start":{"line":435,"column":0},"end":{"line":435,"column":34}},"353":{"start":{"line":436,"column":0},"end":{"line":454,"column":1}},"354":{"start":{"line":437,"column":4},"end":{"line":438,"column":15}},"355":{"start":{"line":438,"column":8},"end":{"line":438,"column":15}},"356":{"start":{"line":439,"column":4},"end":{"line":439,"column":22}},"357":{"start":{"line":440,"column":4},"end":{"line":440,"column":15}},"358":{"start":{"line":441,"column":4},"end":{"line":441,"column":36}},"359":{"start":{"line":442,"column":4},"end":{"line":443,"column":15}},"360":{"start":{"line":443,"column":8},"end":{"line":443,"column":15}},"361":{"start":{"line":444,"column":4},"end":{"line":444,"column":12}},"362":{"start":{"line":445,"column":4},"end":{"line":445,"column":64}},"363":{"start":{"line":446,"column":4},"end":{"line":447,"column":15}},"364":{"start":{"line":447,"column":8},"end":{"line":447,"column":15}},"365":{"start":{"line":448,"column":4},"end":{"line":448,"column":18}},"366":{"start":{"line":449,"column":4},"end":{"line":449,"column":40}},"367":{"start":{"line":450,"column":4},"end":{"line":451,"column":15}},"368":{"start":{"line":451,"column":8},"end":{"line":451,"column":15}},"369":{"start":{"line":452,"column":4},"end":{"line":452,"column":17}},"370":{"start":{"line":453,"column":4},"end":{"line":453,"column":80}},"371":{"start":{"line":455,"column":0},"end":{"line":455,"column":34}},"372":{"start":{"line":456,"column":0},"end":{"line":465,"column":1}},"373":{"start":{"line":457,"column":4},"end":{"line":458,"column":15}},"374":{"start":{"line":458,"column":8},"end":{"line":458,"column":15}},"375":{"start":{"line":459,"column":4},"end":{"line":459,"column":22}},"376":{"start":{"line":460,"column":4},"end":{"line":460,"column":15}},"377":{"start":{"line":461,"column":4},"end":{"line":461,"column":39}},"378":{"start":{"line":462,"column":4},"end":{"line":463,"column":15}},"379":{"start":{"line":463,"column":8},"end":{"line":463,"column":15}},"380":{"start":{"line":464,"column":4},"end":{"line":464,"column":82}},"381":{"start":{"line":466,"column":0},"end":{"line":466,"column":36}},"382":{"start":{"line":467,"column":0},"end":{"line":476,"column":1}},"383":{"start":{"line":468,"column":4},"end":{"line":469,"column":15}},"384":{"start":{"line":469,"column":8},"end":{"line":469,"column":15}},"385":{"start":{"line":470,"column":4},"end":{"line":470,"column":22}},"386":{"start":{"line":471,"column":4},"end":{"line":471,"column":15}},"387":{"start":{"line":472,"column":4},"end":{"line":472,"column":41}},"388":{"start":{"line":473,"column":4},"end":{"line":474,"column":15}},"389":{"start":{"line":474,"column":8},"end":{"line":474,"column":15}},"390":{"start":{"line":475,"column":4},"end":{"line":475,"column":82}},"391":{"start":{"line":477,"column":0},"end":{"line":477,"column":40}},"392":{"start":{"line":478,"column":0},"end":{"line":480,"column":1}},"393":{"start":{"line":479,"column":4},"end":{"line":479,"column":74}},"394":{"start":{"line":481,"column":0},"end":{"line":481,"column":46}},"395":{"start":{"line":482,"column":0},"end":{"line":492,"column":1}},"396":{"start":{"line":483,"column":4},"end":{"line":484,"column":15}},"397":{"start":{"line":484,"column":8},"end":{"line":484,"column":15}},"398":{"start":{"line":485,"column":4},"end":{"line":485,"column":22}},"399":{"start":{"line":486,"column":4},"end":{"line":486,"column":16}},"400":{"start":{"line":487,"column":4},"end":{"line":487,"column":44}},"401":{"start":{"line":488,"column":4},"end":{"line":489,"column":15}},"402":{"start":{"line":489,"column":8},"end":{"line":489,"column":15}},"403":{"start":{"line":490,"column":4},"end":{"line":490,"column":22}},"404":{"start":{"line":491,"column":4},"end":{"line":491,"column":78}},"405":{"start":{"line":493,"column":0},"end":{"line":493,"column":46}},"406":{"start":{"line":494,"column":0},"end":{"line":496,"column":1}},"407":{"start":{"line":495,"column":4},"end":{"line":495,"column":91}},"408":{"start":{"line":497,"column":0},"end":{"line":497,"column":56}},"409":{"start":{"line":498,"column":0},"end":{"line":500,"column":1}},"410":{"start":{"line":499,"column":4},"end":{"line":499,"column":81}},"411":{"start":{"line":501,"column":0},"end":{"line":501,"column":46}},"412":{"start":{"line":502,"column":0},"end":{"line":504,"column":1}},"413":{"start":{"line":503,"column":4},"end":{"line":503,"column":85}},"414":{"start":{"line":505,"column":0},"end":{"line":505,"column":50}},"415":{"start":{"line":506,"column":0},"end":{"line":533,"column":1}},"416":{"start":{"line":507,"column":4},"end":{"line":508,"column":15}},"417":{"start":{"line":508,"column":8},"end":{"line":508,"column":15}},"418":{"start":{"line":509,"column":4},"end":{"line":509,"column":22}},"419":{"start":{"line":510,"column":4},"end":{"line":510,"column":31}},"420":{"start":{"line":511,"column":4},"end":{"line":511,"column":19}},"421":{"start":{"line":512,"column":4},"end":{"line":512,"column":40}},"422":{"start":{"line":513,"column":4},"end":{"line":514,"column":15}},"423":{"start":{"line":514,"column":8},"end":{"line":514,"column":15}},"424":{"start":{"line":515,"column":4},"end":{"line":515,"column":21}},"425":{"start":{"line":516,"column":4},"end":{"line":531,"column":5}},"426":{"start":{"line":517,"column":8},"end":{"line":517,"column":24}},"427":{"start":{"line":518,"column":8},"end":{"line":518,"column":46}},"428":{"start":{"line":519,"column":8},"end":{"line":522,"column":9}},"429":{"start":{"line":520,"column":12},"end":{"line":520,"column":26}},"430":{"start":{"line":521,"column":12},"end":{"line":521,"column":18}},"431":{"start":{"line":523,"column":8},"end":{"line":523,"column":46}},"432":{"start":{"line":524,"column":8},"end":{"line":525,"column":19}},"433":{"start":{"line":525,"column":12},"end":{"line":525,"column":19}},"434":{"start":{"line":526,"column":8},"end":{"line":526,"column":22}},"435":{"start":{"line":527,"column":8},"end":{"line":527,"column":40}},"436":{"start":{"line":528,"column":8},"end":{"line":529,"column":19}},"437":{"start":{"line":529,"column":12},"end":{"line":529,"column":19}},"438":{"start":{"line":530,"column":8},"end":{"line":530,"column":25}},"439":{"start":{"line":532,"column":4},"end":{"line":532,"column":90}},"440":{"start":{"line":534,"column":0},"end":{"line":534,"column":56}},"441":{"start":{"line":535,"column":0},"end":{"line":567,"column":1}},"442":{"start":{"line":536,"column":4},"end":{"line":537,"column":15}},"443":{"start":{"line":537,"column":8},"end":{"line":537,"column":15}},"444":{"start":{"line":538,"column":4},"end":{"line":538,"column":22}},"445":{"start":{"line":539,"column":4},"end":{"line":539,"column":31}},"446":{"start":{"line":540,"column":4},"end":{"line":540,"column":19}},"447":{"start":{"line":541,"column":4},"end":{"line":541,"column":42}},"448":{"start":{"line":542,"column":4},"end":{"line":565,"column":16}},"449":{"start":{"line":543,"column":8},"end":{"line":543,"column":44}},"450":{"start":{"line":544,"column":8},"end":{"line":545,"column":19}},"451":{"start":{"line":545,"column":12},"end":{"line":545,"column":19}},"452":{"start":{"line":546,"column":8},"end":{"line":546,"column":25}},"453":{"start":{"line":547,"column":8},"end":{"line":562,"column":9}},"454":{"start":{"line":548,"column":12},"end":{"line":548,"column":28}},"455":{"start":{"line":549,"column":12},"end":{"line":549,"column":46}},"456":{"start":{"line":550,"column":12},"end":{"line":553,"column":13}},"457":{"start":{"line":551,"column":16},"end":{"line":551,"column":30}},"458":{"start":{"line":552,"column":16},"end":{"line":552,"column":22}},"459":{"start":{"line":554,"column":12},"end":{"line":554,"column":50}},"460":{"start":{"line":555,"column":12},"end":{"line":556,"column":23}},"461":{"start":{"line":556,"column":16},"end":{"line":556,"column":23}},"462":{"start":{"line":557,"column":12},"end":{"line":557,"column":26}},"463":{"start":{"line":558,"column":12},"end":{"line":558,"column":44}},"464":{"start":{"line":559,"column":12},"end":{"line":560,"column":23}},"465":{"start":{"line":560,"column":16},"end":{"line":560,"column":23}},"466":{"start":{"line":561,"column":12},"end":{"line":561,"column":29}},"467":{"start":{"line":565,"column":8},"end":{"line":565,"column":16}},"468":{"start":{"line":566,"column":4},"end":{"line":566,"column":90}},"469":{"start":{"line":568,"column":0},"end":{"line":568,"column":72}},"470":{"start":{"line":569,"column":0},"end":{"line":577,"column":1}},"471":{"start":{"line":570,"column":4},"end":{"line":576,"column":37}},"472":{"start":{"line":578,"column":0},"end":{"line":578,"column":32}},"473":{"start":{"line":579,"column":0},"end":{"line":581,"column":1}},"474":{"start":{"line":580,"column":4},"end":{"line":580,"column":61}},"475":{"start":{"line":582,"column":0},"end":{"line":582,"column":44}},"476":{"start":{"line":583,"column":0},"end":{"line":585,"column":1}},"477":{"start":{"line":584,"column":4},"end":{"line":584,"column":66}},"478":{"start":{"line":586,"column":0},"end":{"line":586,"column":54}},"479":{"start":{"line":587,"column":0},"end":{"line":589,"column":1}},"480":{"start":{"line":588,"column":4},"end":{"line":588,"column":66}},"481":{"start":{"line":590,"column":0},"end":{"line":590,"column":54}},"482":{"start":{"line":591,"column":0},"end":{"line":593,"column":1}},"483":{"start":{"line":592,"column":4},"end":{"line":592,"column":71}},"484":{"start":{"line":594,"column":0},"end":{"line":594,"column":64}},"485":{"start":{"line":595,"column":0},"end":{"line":597,"column":1}},"486":{"start":{"line":596,"column":4},"end":{"line":596,"column":66}},"487":{"start":{"line":598,"column":0},"end":{"line":598,"column":54}},"488":{"start":{"line":599,"column":0},"end":{"line":601,"column":1}},"489":{"start":{"line":600,"column":4},"end":{"line":600,"column":68}},"490":{"start":{"line":602,"column":0},"end":{"line":602,"column":58}},"491":{"start":{"line":603,"column":0},"end":{"line":605,"column":1}},"492":{"start":{"line":604,"column":4},"end":{"line":604,"column":63}},"493":{"start":{"line":606,"column":0},"end":{"line":606,"column":48}},"494":{"start":{"line":607,"column":0},"end":{"line":615,"column":1}},"495":{"start":{"line":608,"column":4},"end":{"line":608,"column":41}},"496":{"start":{"line":609,"column":4},"end":{"line":610,"column":15}},"497":{"start":{"line":610,"column":8},"end":{"line":610,"column":15}},"498":{"start":{"line":611,"column":4},"end":{"line":611,"column":42}},"499":{"start":{"line":612,"column":4},"end":{"line":613,"column":15}},"500":{"start":{"line":613,"column":8},"end":{"line":613,"column":15}},"501":{"start":{"line":614,"column":4},"end":{"line":614,"column":107}},"502":{"start":{"line":616,"column":0},"end":{"line":616,"column":54}},"503":{"start":{"line":617,"column":0},"end":{"line":636,"column":1}},"504":{"start":{"line":618,"column":4},"end":{"line":618,"column":53}},"505":{"start":{"line":619,"column":4},"end":{"line":620,"column":15}},"506":{"start":{"line":620,"column":8},"end":{"line":620,"column":15}},"507":{"start":{"line":621,"column":4},"end":{"line":621,"column":22}},"508":{"start":{"line":622,"column":4},"end":{"line":622,"column":19}},"509":{"start":{"line":623,"column":4},"end":{"line":623,"column":44}},"510":{"start":{"line":624,"column":4},"end":{"line":625,"column":15}},"511":{"start":{"line":625,"column":8},"end":{"line":625,"column":15}},"512":{"start":{"line":626,"column":4},"end":{"line":626,"column":19}},"513":{"start":{"line":627,"column":4},"end":{"line":627,"column":52}},"514":{"start":{"line":628,"column":4},"end":{"line":629,"column":15}},"515":{"start":{"line":629,"column":8},"end":{"line":629,"column":15}},"516":{"start":{"line":630,"column":4},"end":{"line":630,"column":23}},"517":{"start":{"line":631,"column":4},"end":{"line":631,"column":40}},"518":{"start":{"line":632,"column":4},"end":{"line":633,"column":15}},"519":{"start":{"line":633,"column":8},"end":{"line":633,"column":15}},"520":{"start":{"line":634,"column":4},"end":{"line":634,"column":19}},"521":{"start":{"line":635,"column":4},"end":{"line":635,"column":99}},"522":{"start":{"line":637,"column":0},"end":{"line":637,"column":50}},"523":{"start":{"line":638,"column":0},"end":{"line":640,"column":1}},"524":{"start":{"line":639,"column":4},"end":{"line":639,"column":116}},"525":{"start":{"line":641,"column":0},"end":{"line":641,"column":50}},"526":{"start":{"line":642,"column":0},"end":{"line":644,"column":1}},"527":{"start":{"line":643,"column":4},"end":{"line":643,"column":126}},"528":{"start":{"line":645,"column":0},"end":{"line":645,"column":60}},"529":{"start":{"line":646,"column":0},"end":{"line":648,"column":1}},"530":{"start":{"line":647,"column":4},"end":{"line":647,"column":116}},"531":{"start":{"line":649,"column":0},"end":{"line":649,"column":50}},"532":{"start":{"line":650,"column":0},"end":{"line":652,"column":1}},"533":{"start":{"line":651,"column":4},"end":{"line":651,"column":120}},"534":{"start":{"line":653,"column":0},"end":{"line":653,"column":54}},"535":{"start":{"line":654,"column":0},"end":{"line":656,"column":1}},"536":{"start":{"line":655,"column":4},"end":{"line":655,"column":106}},"537":{"start":{"line":657,"column":0},"end":{"line":657,"column":40}},"538":{"start":{"line":658,"column":0},"end":{"line":660,"column":1}},"539":{"start":{"line":659,"column":4},"end":{"line":659,"column":110}},"540":{"start":{"line":661,"column":0},"end":{"line":661,"column":44}},"541":{"start":{"line":662,"column":0},"end":{"line":664,"column":1}},"542":{"start":{"line":663,"column":4},"end":{"line":663,"column":114}},"543":{"start":{"line":665,"column":0},"end":{"line":665,"column":48}},"544":{"start":{"line":666,"column":0},"end":{"line":668,"column":1}},"545":{"start":{"line":667,"column":4},"end":{"line":667,"column":114}},"546":{"start":{"line":669,"column":0},"end":{"line":669,"column":48}},"547":{"start":{"line":670,"column":0},"end":{"line":672,"column":1}},"548":{"start":{"line":671,"column":4},"end":{"line":671,"column":124}},"549":{"start":{"line":673,"column":0},"end":{"line":673,"column":58}},"550":{"start":{"line":674,"column":0},"end":{"line":676,"column":1}},"551":{"start":{"line":675,"column":4},"end":{"line":675,"column":114}},"552":{"start":{"line":677,"column":0},"end":{"line":677,"column":48}},"553":{"start":{"line":678,"column":0},"end":{"line":680,"column":1}},"554":{"start":{"line":679,"column":4},"end":{"line":679,"column":118}},"555":{"start":{"line":681,"column":0},"end":{"line":681,"column":52}},"556":{"start":{"line":682,"column":0},"end":{"line":684,"column":1}},"557":{"start":{"line":683,"column":4},"end":{"line":683,"column":104}},"558":{"start":{"line":685,"column":0},"end":{"line":685,"column":38}},"559":{"start":{"line":686,"column":0},"end":{"line":688,"column":1}},"560":{"start":{"line":687,"column":4},"end":{"line":687,"column":108}},"561":{"start":{"line":689,"column":0},"end":{"line":689,"column":42}},"562":{"start":{"line":690,"column":0},"end":{"line":709,"column":1}},"563":{"start":{"line":691,"column":4},"end":{"line":691,"column":42}},"564":{"start":{"line":692,"column":4},"end":{"line":693,"column":15}},"565":{"start":{"line":693,"column":8},"end":{"line":693,"column":15}},"566":{"start":{"line":694,"column":4},"end":{"line":694,"column":22}},"567":{"start":{"line":695,"column":4},"end":{"line":695,"column":23}},"568":{"start":{"line":696,"column":4},"end":{"line":696,"column":44}},"569":{"start":{"line":697,"column":4},"end":{"line":698,"column":15}},"570":{"start":{"line":698,"column":8},"end":{"line":698,"column":15}},"571":{"start":{"line":699,"column":4},"end":{"line":699,"column":19}},"572":{"start":{"line":700,"column":4},"end":{"line":700,"column":37}},"573":{"start":{"line":701,"column":4},"end":{"line":702,"column":15}},"574":{"start":{"line":702,"column":8},"end":{"line":702,"column":15}},"575":{"start":{"line":703,"column":4},"end":{"line":703,"column":22}},"576":{"start":{"line":704,"column":4},"end":{"line":704,"column":40}},"577":{"start":{"line":705,"column":4},"end":{"line":706,"column":15}},"578":{"start":{"line":706,"column":8},"end":{"line":706,"column":15}},"579":{"start":{"line":707,"column":4},"end":{"line":707,"column":19}},"580":{"start":{"line":708,"column":4},"end":{"line":708,"column":78}},"581":{"start":{"line":710,"column":0},"end":{"line":710,"column":46}},"582":{"start":{"line":711,"column":0},"end":{"line":744,"column":1}},"583":{"start":{"line":712,"column":4},"end":{"line":743,"column":38}},"584":{"start":{"line":745,"column":0},"end":{"line":745,"column":44}}},"branchMap":{"1":{"line":6,"type":"if","locations":[{"start":{"line":6,"column":4},"end":{"line":6,"column":4}},{"start":{"line":6,"column":4},"end":{"line":6,"column":4}}]},"2":{"line":11,"type":"if","locations":[{"start":{"line":11,"column":4},"end":{"line":11,"column":4}},{"start":{"line":11,"column":4},"end":{"line":11,"column":4}}]},"3":{"line":13,"type":"if","locations":[{"start":{"line":13,"column":4},"end":{"line":13,"column":4}},{"start":{"line":13,"column":4},"end":{"line":13,"column":4}}]},"4":{"line":18,"type":"if","locations":[{"start":{"line":18,"column":4},"end":{"line":18,"column":4}},{"start":{"line":18,"column":4},"end":{"line":18,"column":4}}]},"5":{"line":18,"type":"binary-expr","locations":[{"start":{"line":18,"column":8},"end":{"line":18,"column":56}},{"start":{"line":19,"column":8},"end":{"line":19,"column":32}},{"start":{"line":20,"column":8},"end":{"line":20,"column":60}},{"start":{"line":21,"column":8},"end":{"line":21,"column":33}},{"start":{"line":22,"column":8},"end":{"line":22,"column":61}},{"start":{"line":23,"column":8},"end":{"line":23,"column":33}},{"start":{"line":24,"column":8},"end":{"line":24,"column":61}},{"start":{"line":25,"column":8},"end":{"line":25,"column":33}},{"start":{"line":26,"column":8},"end":{"line":26,"column":59}}]},"6":{"line":33,"type":"if","locations":[{"start":{"line":33,"column":4},"end":{"line":33,"column":4}},{"start":{"line":33,"column":4},"end":{"line":33,"column":4}}]},"7":{"line":36,"type":"if","locations":[{"start":{"line":36,"column":4},"end":{"line":36,"column":4}},{"start":{"line":36,"column":4},"end":{"line":36,"column":4}}]},"8":{"line":37,"type":"if","locations":[{"start":{"line":37,"column":8},"end":{"line":37,"column":8}},{"start":{"line":37,"column":8},"end":{"line":37,"column":8}}]},"9":{"line":40,"type":"if","locations":[{"start":{"line":40,"column":8},"end":{"line":40,"column":8}},{"start":{"line":40,"column":8},"end":{"line":40,"column":8}}]},"10":{"line":40,"type":"binary-expr","locations":[{"start":{"line":40,"column":12},"end":{"line":40,"column":23}},{"start":{"line":40,"column":27},"end":{"line":40,"column":37}}]},"11":{"line":47,"type":"if","locations":[{"start":{"line":47,"column":4},"end":{"line":47,"column":4}},{"start":{"line":47,"column":4},"end":{"line":47,"column":4}}]},"12":{"line":48,"type":"if","locations":[{"start":{"line":48,"column":8},"end":{"line":48,"column":8}},{"start":{"line":48,"column":8},"end":{"line":48,"column":8}}]},"13":{"line":51,"type":"if","locations":[{"start":{"line":51,"column":8},"end":{"line":51,"column":8}},{"start":{"line":51,"column":8},"end":{"line":51,"column":8}}]},"14":{"line":51,"type":"binary-expr","locations":[{"start":{"line":51,"column":12},"end":{"line":51,"column":20}},{"start":{"line":51,"column":24},"end":{"line":51,"column":34}}]},"15":{"line":59,"type":"if","locations":[{"start":{"line":59,"column":4},"end":{"line":59,"column":4}},{"start":{"line":59,"column":4},"end":{"line":59,"column":4}}]},"16":{"line":62,"type":"if","locations":[{"start":{"line":62,"column":4},"end":{"line":62,"column":4}},{"start":{"line":62,"column":4},"end":{"line":62,"column":4}}]},"17":{"line":63,"type":"if","locations":[{"start":{"line":63,"column":8},"end":{"line":63,"column":8}},{"start":{"line":63,"column":8},"end":{"line":63,"column":8}}]},"18":{"line":66,"type":"if","locations":[{"start":{"line":66,"column":8},"end":{"line":66,"column":8}},{"start":{"line":66,"column":8},"end":{"line":66,"column":8}}]},"19":{"line":66,"type":"binary-expr","locations":[{"start":{"line":66,"column":12},"end":{"line":66,"column":25}},{"start":{"line":66,"column":29},"end":{"line":66,"column":41}}]},"20":{"line":74,"type":"if","locations":[{"start":{"line":74,"column":4},"end":{"line":74,"column":4}},{"start":{"line":74,"column":4},"end":{"line":74,"column":4}}]},"21":{"line":77,"type":"if","locations":[{"start":{"line":77,"column":4},"end":{"line":77,"column":4}},{"start":{"line":77,"column":4},"end":{"line":77,"column":4}}]},"22":{"line":78,"type":"if","locations":[{"start":{"line":78,"column":8},"end":{"line":78,"column":8}},{"start":{"line":78,"column":8},"end":{"line":78,"column":8}}]},"23":{"line":81,"type":"if","locations":[{"start":{"line":81,"column":8},"end":{"line":81,"column":8}},{"start":{"line":81,"column":8},"end":{"line":81,"column":8}}]},"24":{"line":81,"type":"binary-expr","locations":[{"start":{"line":81,"column":12},"end":{"line":81,"column":30}},{"start":{"line":81,"column":34},"end":{"line":81,"column":51}}]},"25":{"line":89,"type":"if","locations":[{"start":{"line":89,"column":4},"end":{"line":89,"column":4}},{"start":{"line":89,"column":4},"end":{"line":89,"column":4}}]},"26":{"line":92,"type":"if","locations":[{"start":{"line":92,"column":4},"end":{"line":92,"column":4}},{"start":{"line":92,"column":4},"end":{"line":92,"column":4}}]},"27":{"line":93,"type":"if","locations":[{"start":{"line":93,"column":8},"end":{"line":93,"column":8}},{"start":{"line":93,"column":8},"end":{"line":93,"column":8}}]},"28":{"line":96,"type":"if","locations":[{"start":{"line":96,"column":8},"end":{"line":96,"column":8}},{"start":{"line":96,"column":8},"end":{"line":96,"column":8}}]},"29":{"line":96,"type":"binary-expr","locations":[{"start":{"line":96,"column":12},"end":{"line":96,"column":22}},{"start":{"line":96,"column":26},"end":{"line":96,"column":103}}]},"30":{"line":96,"type":"cond-expr","locations":[{"start":{"line":96,"column":57},"end":{"line":96,"column":78}},{"start":{"line":96,"column":81},"end":{"line":96,"column":102}}]},"31":{"line":104,"type":"if","locations":[{"start":{"line":104,"column":4},"end":{"line":104,"column":4}},{"start":{"line":104,"column":4},"end":{"line":104,"column":4}}]},"32":{"line":107,"type":"if","locations":[{"start":{"line":107,"column":4},"end":{"line":107,"column":4}},{"start":{"line":107,"column":4},"end":{"line":107,"column":4}}]},"33":{"line":110,"type":"if","locations":[{"start":{"line":110,"column":4},"end":{"line":110,"column":4}},{"start":{"line":110,"column":4},"end":{"line":110,"column":4}}]},"34":{"line":112,"type":"if","locations":[{"start":{"line":112,"column":8},"end":{"line":112,"column":8}},{"start":{"line":112,"column":8},"end":{"line":112,"column":8}}]},"35":{"line":112,"type":"binary-expr","locations":[{"start":{"line":112,"column":12},"end":{"line":112,"column":16}},{"start":{"line":112,"column":20},"end":{"line":112,"column":38}}]},"36":{"line":118,"type":"if","locations":[{"start":{"line":118,"column":4},"end":{"line":118,"column":4}},{"start":{"line":118,"column":4},"end":{"line":118,"column":4}}]},"37":{"line":127,"type":"if","locations":[{"start":{"line":127,"column":4},"end":{"line":127,"column":4}},{"start":{"line":127,"column":4},"end":{"line":127,"column":4}}]},"38":{"line":134,"type":"if","locations":[{"start":{"line":134,"column":8},"end":{"line":134,"column":8}},{"start":{"line":134,"column":8},"end":{"line":134,"column":8}}]},"39":{"line":137,"type":"if","locations":[{"start":{"line":137,"column":8},"end":{"line":137,"column":8}},{"start":{"line":137,"column":8},"end":{"line":137,"column":8}}]},"40":{"line":140,"type":"if","locations":[{"start":{"line":140,"column":8},"end":{"line":140,"column":8}},{"start":{"line":140,"column":8},"end":{"line":140,"column":8}}]},"41":{"line":142,"type":"if","locations":[{"start":{"line":142,"column":12},"end":{"line":142,"column":12}},{"start":{"line":142,"column":12},"end":{"line":142,"column":12}}]},"42":{"line":147,"type":"if","locations":[{"start":{"line":147,"column":8},"end":{"line":147,"column":8}},{"start":{"line":147,"column":8},"end":{"line":147,"column":8}}]},"43":{"line":150,"type":"if","locations":[{"start":{"line":150,"column":12},"end":{"line":150,"column":12}},{"start":{"line":150,"column":12},"end":{"line":150,"column":12}}]},"44":{"line":153,"type":"if","locations":[{"start":{"line":153,"column":12},"end":{"line":153,"column":12}},{"start":{"line":153,"column":12},"end":{"line":153,"column":12}}]},"45":{"line":165,"type":"if","locations":[{"start":{"line":165,"column":4},"end":{"line":165,"column":4}},{"start":{"line":165,"column":4},"end":{"line":165,"column":4}}]},"46":{"line":174,"type":"if","locations":[{"start":{"line":174,"column":4},"end":{"line":174,"column":4}},{"start":{"line":174,"column":4},"end":{"line":174,"column":4}}]},"47":{"line":178,"type":"if","locations":[{"start":{"line":178,"column":12},"end":{"line":178,"column":12}},{"start":{"line":178,"column":12},"end":{"line":178,"column":12}}]},"48":{"line":181,"type":"if","locations":[{"start":{"line":181,"column":16},"end":{"line":181,"column":16}},{"start":{"line":181,"column":16},"end":{"line":181,"column":16}}]},"49":{"line":185,"type":"if","locations":[{"start":{"line":185,"column":20},"end":{"line":185,"column":20}},{"start":{"line":185,"column":20},"end":{"line":185,"column":20}}]},"50":{"line":185,"type":"binary-expr","locations":[{"start":{"line":185,"column":24},"end":{"line":185,"column":65}},{"start":{"line":185,"column":69},"end":{"line":185,"column":73}},{"start":{"line":185,"column":77},"end":{"line":185,"column":83}},{"start":{"line":185,"column":87},"end":{"line":185,"column":93}},{"start":{"line":185,"column":97},"end":{"line":185,"column":129}}]},"51":{"line":195,"type":"if","locations":[{"start":{"line":195,"column":16},"end":{"line":195,"column":16}},{"start":{"line":195,"column":16},"end":{"line":195,"column":16}}]},"52":{"line":200,"type":"binary-expr","locations":[{"start":{"line":200,"column":17},"end":{"line":200,"column":47}},{"start":{"line":200,"column":51},"end":{"line":200,"column":81}}]},"53":{"line":201,"type":"if","locations":[{"start":{"line":201,"column":8},"end":{"line":201,"column":8}},{"start":{"line":201,"column":8},"end":{"line":201,"column":8}}]},"54":{"line":209,"type":"if","locations":[{"start":{"line":209,"column":4},"end":{"line":209,"column":4}},{"start":{"line":209,"column":4},"end":{"line":209,"column":4}}]},"55":{"line":214,"type":"if","locations":[{"start":{"line":214,"column":4},"end":{"line":214,"column":4}},{"start":{"line":214,"column":4},"end":{"line":214,"column":4}}]},"56":{"line":218,"type":"if","locations":[{"start":{"line":218,"column":4},"end":{"line":218,"column":4}},{"start":{"line":218,"column":4},"end":{"line":218,"column":4}}]},"57":{"line":220,"type":"if","locations":[{"start":{"line":220,"column":4},"end":{"line":220,"column":4}},{"start":{"line":220,"column":4},"end":{"line":220,"column":4}}]},"58":{"line":224,"type":"if","locations":[{"start":{"line":224,"column":4},"end":{"line":224,"column":4}},{"start":{"line":224,"column":4},"end":{"line":224,"column":4}}]},"59":{"line":224,"type":"binary-expr","locations":[{"start":{"line":224,"column":8},"end":{"line":224,"column":24}},{"start":{"line":224,"column":28},"end":{"line":224,"column":52}}]},"60":{"line":227,"type":"if","locations":[{"start":{"line":227,"column":4},"end":{"line":227,"column":4}},{"start":{"line":227,"column":4},"end":{"line":227,"column":4}}]},"61":{"line":230,"type":"if","locations":[{"start":{"line":230,"column":4},"end":{"line":230,"column":4}},{"start":{"line":230,"column":4},"end":{"line":230,"column":4}}]},"62":{"line":234,"type":"if","locations":[{"start":{"line":234,"column":12},"end":{"line":234,"column":12}},{"start":{"line":234,"column":12},"end":{"line":234,"column":12}}]},"63":{"line":237,"type":"if","locations":[{"start":{"line":237,"column":12},"end":{"line":237,"column":12}},{"start":{"line":237,"column":12},"end":{"line":237,"column":12}}]},"64":{"line":240,"type":"if","locations":[{"start":{"line":240,"column":12},"end":{"line":240,"column":12}},{"start":{"line":240,"column":12},"end":{"line":240,"column":12}}]},"65":{"line":244,"type":"if","locations":[{"start":{"line":244,"column":17},"end":{"line":244,"column":17}},{"start":{"line":244,"column":17},"end":{"line":244,"column":17}}]},"66":{"line":247,"type":"if","locations":[{"start":{"line":247,"column":16},"end":{"line":247,"column":16}},{"start":{"line":247,"column":16},"end":{"line":247,"column":16}}]},"67":{"line":247,"type":"binary-expr","locations":[{"start":{"line":247,"column":20},"end":{"line":247,"column":50}},{"start":{"line":247,"column":54},"end":{"line":247,"column":90}}]},"68":{"line":252,"type":"if","locations":[{"start":{"line":252,"column":17},"end":{"line":252,"column":17}},{"start":{"line":252,"column":17},"end":{"line":252,"column":17}}]},"69":{"line":257,"type":"if","locations":[{"start":{"line":257,"column":17},"end":{"line":257,"column":17}},{"start":{"line":257,"column":17},"end":{"line":257,"column":17}}]},"70":{"line":264,"type":"if","locations":[{"start":{"line":264,"column":8},"end":{"line":264,"column":8}},{"start":{"line":264,"column":8},"end":{"line":264,"column":8}}]},"71":{"line":268,"type":"if","locations":[{"start":{"line":268,"column":4},"end":{"line":268,"column":4}},{"start":{"line":268,"column":4},"end":{"line":268,"column":4}}]},"72":{"line":276,"type":"if","locations":[{"start":{"line":276,"column":4},"end":{"line":276,"column":4}},{"start":{"line":276,"column":4},"end":{"line":276,"column":4}}]},"73":{"line":280,"type":"if","locations":[{"start":{"line":280,"column":4},"end":{"line":280,"column":4}},{"start":{"line":280,"column":4},"end":{"line":280,"column":4}}]},"74":{"line":284,"type":"binary-expr","locations":[{"start":{"line":284,"column":11},"end":{"line":284,"column":31}},{"start":{"line":284,"column":35},"end":{"line":284,"column":73}}]},"75":{"line":286,"type":"if","locations":[{"start":{"line":286,"column":8},"end":{"line":286,"column":8}},{"start":{"line":286,"column":8},"end":{"line":286,"column":8}}]},"76":{"line":288,"type":"if","locations":[{"start":{"line":288,"column":13},"end":{"line":288,"column":13}},{"start":{"line":288,"column":13},"end":{"line":288,"column":13}}]},"77":{"line":288,"type":"binary-expr","locations":[{"start":{"line":288,"column":17},"end":{"line":288,"column":47}},{"start":{"line":289,"column":12},"end":{"line":289,"column":46}},{"start":{"line":290,"column":12},"end":{"line":290,"column":46}},{"start":{"line":291,"column":12},"end":{"line":291,"column":46}}]},"78":{"line":302,"type":"if","locations":[{"start":{"line":302,"column":4},"end":{"line":302,"column":4}},{"start":{"line":302,"column":4},"end":{"line":302,"column":4}}]},"79":{"line":302,"type":"binary-expr","locations":[{"start":{"line":302,"column":8},"end":{"line":302,"column":25}},{"start":{"line":302,"column":29},"end":{"line":302,"column":52}}]},"80":{"line":305,"type":"if","locations":[{"start":{"line":305,"column":4},"end":{"line":305,"column":4}},{"start":{"line":305,"column":4},"end":{"line":305,"column":4}}]},"81":{"line":305,"type":"binary-expr","locations":[{"start":{"line":305,"column":9},"end":{"line":305,"column":34}},{"start":{"line":305,"column":39},"end":{"line":305,"column":63}}]},"82":{"line":309,"type":"if","locations":[{"start":{"line":309,"column":4},"end":{"line":309,"column":4}},{"start":{"line":309,"column":4},"end":{"line":309,"column":4}}]},"83":{"line":309,"type":"binary-expr","locations":[{"start":{"line":309,"column":8},"end":{"line":309,"column":32}},{"start":{"line":309,"column":36},"end":{"line":309,"column":58}}]},"84":{"line":316,"type":"if","locations":[{"start":{"line":316,"column":4},"end":{"line":316,"column":4}},{"start":{"line":316,"column":4},"end":{"line":316,"column":4}}]},"85":{"line":316,"type":"binary-expr","locations":[{"start":{"line":316,"column":8},"end":{"line":316,"column":25}},{"start":{"line":316,"column":29},"end":{"line":316,"column":52}}]},"86":{"line":319,"type":"if","locations":[{"start":{"line":319,"column":4},"end":{"line":319,"column":4}},{"start":{"line":319,"column":4},"end":{"line":319,"column":4}}]},"87":{"line":319,"type":"binary-expr","locations":[{"start":{"line":319,"column":9},"end":{"line":319,"column":34}},{"start":{"line":319,"column":39},"end":{"line":319,"column":63}}]},"88":{"line":322,"type":"if","locations":[{"start":{"line":322,"column":4},"end":{"line":322,"column":4}},{"start":{"line":322,"column":4},"end":{"line":322,"column":4}}]},"89":{"line":322,"type":"binary-expr","locations":[{"start":{"line":322,"column":8},"end":{"line":322,"column":32}},{"start":{"line":322,"column":36},"end":{"line":322,"column":58}}]},"90":{"line":326,"type":"if","locations":[{"start":{"line":326,"column":4},"end":{"line":326,"column":4}},{"start":{"line":326,"column":4},"end":{"line":326,"column":4}}]},"91":{"line":326,"type":"binary-expr","locations":[{"start":{"line":326,"column":8},"end":{"line":326,"column":25}},{"start":{"line":326,"column":29},"end":{"line":326,"column":35}}]},"92":{"line":329,"type":"if","locations":[{"start":{"line":329,"column":4},"end":{"line":329,"column":4}},{"start":{"line":329,"column":4},"end":{"line":329,"column":4}}]},"93":{"line":333,"type":"if","locations":[{"start":{"line":333,"column":4},"end":{"line":333,"column":4}},{"start":{"line":333,"column":4},"end":{"line":333,"column":4}}]},"94":{"line":335,"type":"if","locations":[{"start":{"line":335,"column":8},"end":{"line":335,"column":8}},{"start":{"line":335,"column":8},"end":{"line":335,"column":8}}]},"95":{"line":337,"type":"if","locations":[{"start":{"line":337,"column":8},"end":{"line":337,"column":8}},{"start":{"line":337,"column":8},"end":{"line":337,"column":8}}]},"96":{"line":339,"type":"if","locations":[{"start":{"line":339,"column":12},"end":{"line":339,"column":12}},{"start":{"line":339,"column":12},"end":{"line":339,"column":12}}]},"97":{"line":347,"type":"if","locations":[{"start":{"line":347,"column":4},"end":{"line":347,"column":4}},{"start":{"line":347,"column":4},"end":{"line":347,"column":4}}]},"98":{"line":350,"type":"if","locations":[{"start":{"line":350,"column":9},"end":{"line":350,"column":9}},{"start":{"line":350,"column":9},"end":{"line":350,"column":9}}]},"99":{"line":353,"type":"if","locations":[{"start":{"line":353,"column":8},"end":{"line":353,"column":8}},{"start":{"line":353,"column":8},"end":{"line":353,"column":8}}]},"100":{"line":353,"type":"binary-expr","locations":[{"start":{"line":353,"column":12},"end":{"line":353,"column":29}},{"start":{"line":353,"column":33},"end":{"line":353,"column":39}}]},"101":{"line":356,"type":"if","locations":[{"start":{"line":356,"column":8},"end":{"line":356,"column":8}},{"start":{"line":356,"column":8},"
[...]
"column":4},"end":{"line":21,"column":4}},{"start":{"line":21,"column":4},"end":{"line":21,"column":4}}]},"6":{"line":26,"type":"switch","locations":[{"start":{"line":27,"column":8},"end":{"line":30,"column":18}},{"start":{"line":31,"column":8},"end":{"line":34,"column":18}},{"start":{"line":35,"column":8},"end":{"line":38,"column":18}},{"start":{"line":39,"column":8},"end":{"line":42,"column":18}},{"start":{"line":43,"column":8},"end":{"line":43,"column":65}},{"start":{"line":44,"column":8},"end":{"line":47,"column":18}},{"start":{"line":48,"column":8},"end":{"line":51,"column":18}},{"start":{"line":52,"column":8},"end":{"line":55,"column":18}}]},"7":{"line":57,"type":"if","locations":[{"start":{"line":57,"column":4},"end":{"line":57,"column":4}},{"start":{"line":57,"column":4},"end":{"line":57,"column":4}}]},"8":{"line":59,"type":"if","locations":[{"start":{"line":59,"column":4},"end":{"line":59,"column":4}},{"start":{"line":59,"column":4},"end":{"line":59,"column":4}}]},"9":{"line":64,"type":"if","locations":[{"start":{"line":64,"column":4},"end":{"line":64,"column":4}},{"start":{"line":64,"column":4},"end":{"line":64,"column":4}}]},"10":{"line":69,"type":"if","locations":[{"start":{"line":69,"column":4},"end":{"line":69,"column":4}},{"start":{"line":69,"column":4},"end":{"line":69,"column":4}}]},"11":{"line":73,"type":"if","locations":[{"start":{"line":73,"column":8},"end":{"line":73,"column":8}},{"start":{"line":73,"column":8},"end":{"line":73,"column":8}}]},"12":{"line":75,"type":"if","locations":[{"start":{"line":75,"column":12},"end":{"line":75,"column":12}},{"start":{"line":75,"column":12},"end":{"line":75,"column":12}}]},"13":{"line":79,"type":"binary-expr","locations":[{"start":{"line":79,"column":51},"end":{"line":79,"column":55}},{"start":{"line":79,"column":59},"end":{"line":79,"column":68}}]},"14":{"line":84,"type":"if","locations":[{"start":{"line":84,"column":4},"end":{"line":84,"column":4}},{"start":{"line":84,"column":4},"end":{"line":84,"column":4}}]},"15":{"line":91,"type":"if","locations":[{"start":{"line":91,"column":4},"end":{"line":91,"column":4}},{"start":{"line":91,"column":4},"end":{"line":91,"column":4}}]},"16":{"line":93,"type":"if","locations":[{"start":{"line":93,"column":8},"end":{"line":93,"column":8}},{"start":{"line":93,"column":8},"end":{"line":93,"column":8}}]},"17":{"line":97,"type":"if","locations":[{"start":{"line":97,"column":4},"end":{"line":97,"column":4}},{"start":{"line":97,"column":4},"end":{"line":97,"column":4}}]},"18":{"line":99,"type":"if","locations":[{"start":{"line":99,"column":4},"end":{"line":99,"column":4}},{"start":{"line":99,"column":4},"end":{"line":99,"column":4}}]},"19":{"line":99,"type":"binary-expr","locations":[{"start":{"line":99,"column":8},"end":{"line":99,"column":13}},{"start":{"line":99,"column":17},"end":{"line":99,"column":22}}]},"20":{"line":106,"type":"binary-expr","locations":[{"start":{"line":106,"column":16},"end":{"line":106,"column":61}},{"start":{"line":107,"column":8},"end":{"line":107,"column":41}}]},"21":{"line":108,"type":"if","locations":[{"start":{"line":108,"column":4},"end":{"line":108,"column":4}},{"start":{"line":108,"column":4},"end":{"line":108,"column":4}}]},"22":{"line":111,"type":"if","locations":[{"start":{"line":111,"column":4},"end":{"line":111,"column":4}},{"start":{"line":111,"column":4},"end":{"line":111,"column":4}}]},"23":{"line":115,"type":"if","locations":[{"start":{"line":115,"column":8},"end":{"line":115,"column":8}},{"start":{"line":115,"column":8},"end":{"line":115,"column":8}}]},"24":{"line":124,"type":"binary-expr","locations":[{"start":{"line":124,"column":16},"end":{"line":124,"column":68}},{"start":{"line":125,"column":8},"end":{"line":125,"column":41}},{"start":{"line":126,"column":8},"end":{"line":126,"column":43}}]},"25":{"line":127,"type":"if","locations":[{"start":{"line":127,"column":4},"end":{"line":127,"column":4}},{"start":{"line":127,"column":4},"end":{"line":127,"column":4}}]},"26":{"line":131,"type":"if","locations":[{"start":{"line":131,"column":4},"end":{"line":131,"column":4}},{"start":{"line":131,"column":4},"end":{"line":131,"column":4}}]},"27":{"line":133,"type":"if","locations":[{"start":{"line":133,"column":8},"end":{"line":133,"column":8}},{"start":{"line":133,"column":8},"end":{"line":133,"column":8}}]},"28":{"line":137,"type":"if","locations":[{"start":{"line":137,"column":4},"end":{"line":137,"column":4}},{"start":{"line":137,"column":4},"end":{"line":137,"column":4}}]},"29":{"line":139,"type":"if","locations":[{"start":{"line":139,"column":8},"end":{"line":139,"column":8}},{"start":{"line":139,"column":8},"end":{"line":139,"column":8}}]},"30":{"line":143,"type":"if","locations":[{"start":{"line":143,"column":4},"end":{"line":143,"column":4}},{"start":{"line":143,"column":4},"end":{"line":143,"column":4}}]},"31":{"line":143,"type":"binary-expr","locations":[{"start":{"line":143,"column":8},"end":{"line":143,"column":13}},{"start":{"line":143,"column":17},"end":{"line":143,"column":23}}]},"32":{"line":149,"type":"binary-expr","locations":[{"start":{"line":149,"column":16},"end":{"line":149,"column":91}},{"start":{"line":150,"column":8},"end":{"line":150,"column":80}},{"start":{"line":151,"column":8},"end":{"line":151,"column":74}},{"start":{"line":152,"column":8},"end":{"line":152,"column":71}},{"start":{"line":153,"column":8},"end":{"line":153,"column":76}},{"start":{"line":154,"column":8},"end":{"line":154,"column":73}},{"start":{"line":155,"column":8},"end":{"line":155,"column":70}}]},"33":{"line":156,"type":"if","locations":[{"start":{"line":156,"column":4},"end":{"line":156,"column":4}},{"start":{"line":156,"column":4},"end":{"line":156,"column":4}}]},"34":{"line":161,"type":"switch","locations":[{"start":{"line":162,"column":8},"end":{"line":165,"column":18}},{"start":{"line":166,"column":8},"end":{"line":169,"column":18}},{"start":{"line":170,"column":8},"end":{"line":173,"column":18}},{"start":{"line":174,"column":8},"end":{"line":177,"column":18}},{"start":{"line":178,"column":8},"end":{"line":181,"column":18}},{"start":{"line":182,"column":8},"end":{"line":182,"column":50}},{"start":{"line":183,"column":8},"end":{"line":186,"column":18}},{"start":{"line":187,"column":8},"end":{"line":190,"column":18}}]},"35":{"line":192,"type":"if","locations":[{"start":{"line":192,"column":4},"end":{"line":192,"column":4}},{"start":{"line":192,"column":4},"end":{"line":192,"column":4}}]},"36":{"line":198,"type":"binary-expr","locations":[{"start":{"line":198,"column":11},"end":{"line":198,"column":46}},{"start":{"line":199,"column":8},"end":{"line":199,"column":59}}]},"37":{"line":203,"type":"binary-expr","locations":[{"start":{"line":203,"column":11},"end":{"line":203,"column":46}},{"start":{"line":204,"column":8},"end":{"line":204,"column":60}}]},"38":{"line":210,"type":"if","locations":[{"start":{"line":210,"column":4},"end":{"line":210,"column":4}},{"start":{"line":210,"column":4},"end":{"line":210,"column":4}}]},"39":{"line":212,"type":"if","locations":[{"start":{"line":212,"column":8},"end":{"line":212,"column":8}},{"start":{"line":212,"column":8},"end":{"line":212,"column":8}}]},"40":{"line":215,"type":"if","locations":[{"start":{"line":215,"column":4},"end":{"line":215,"column":4}},{"start":{"line":215,"column":4},"end":{"line":215,"column":4}}]},"41":{"line":217,"type":"if","locations":[{"start":{"line":217,"column":8},"end":{"line":217,"column":8}},{"start":{"line":217,"column":8},"end":{"line":217,"column":8}}]},"42":{"line":223,"type":"if","locations":[{"start":{"line":223,"column":4},"end":{"line":223,"column":4}},{"start":{"line":223,"column":4},"end":{"line":223,"column":4}}]},"43":{"line":223,"type":"binary-expr","locations":[{"start":{"line":223,"column":8},"end":{"line":223,"column":13}},{"start":{"line":223,"column":17},"end":{"line":223,"column":23}}]},"44":{"line":229,"type":"if","locations":[{"start":{"line":229,"column":4},"end":{"line":229,"column":4}},{"start":{"line":229,"column":4},"end":{"line":229,"column":4}}]},"45":{"line":233,"type":"binary-expr","locations":[{"start":{"line":233,"column":20},"end":{"line":233,"column":87}},{"start":{"line":234,"column":8},"end":{"line":234,"column":72}},{"start":{"line":235,"column":8},"end":{"line":235,"column":76}},{"start":{"line":236,"column":8},"end":{"line":236,"column":73}},{"start":{"line":237,"column":8},"end":{"line":237,"column":78}},{"start":{"line":238,"column":8},"end":{"line":238,"column":75}},{"start":{"line":239,"column":8},"end":{"line":239,"column":68}}]},"46":{"line":240,"type":"if","locations":[{"start":{"line":240,"column":4},"end":{"line":240,"column":4}},{"start":{"line":240,"column":4},"end":{"line":240,"column":4}}]},"47":{"line":244,"type":"switch","locations":[{"start":{"line":245,"column":8},"end":{"line":246,"column":18}},{"start":{"line":247,"column":8},"end":{"line":250,"column":18}},{"start":{"line":251,"column":8},"end":{"line":254,"column":18}},{"start":{"line":255,"column":8},"end":{"line":263,"column":18}},{"start":{"line":264,"column":8},"end":{"line":267,"column":18}},{"start":{"line":268,"column":8},"end":{"line":271,"column":18}},{"start":{"line":272,"column":8},"end":{"line":275,"column":18}}]},"48":{"line":256,"type":"if","locations":[{"start":{"line":256,"column":12},"end":{"line":256,"column":12}},{"start":{"line":256,"column":12},"end":{"line":256,"column":12}}]},"49":{"line":258,"type":"if","locations":[{"start":{"line":258,"column":16},"end":{"line":258,"column":16}},{"start":{"line":258,"column":16},"end":{"line":258,"column":16}}]},"50":{"line":277,"type":"if","locations":[{"start":{"line":277,"column":4},"end":{"line":277,"column":4}},{"start":{"line":277,"column":4},"end":{"line":277,"column":4}}]},"51":{"line":284,"type":"if","locations":[{"start":{"line":284,"column":4},"end":{"line":284,"column":4}},{"start":{"line":284,"column":4},"end":{"line":284,"column":4}}]},"52":{"line":288,"type":"if","locations":[{"start":{"line":288,"column":4},"end":{"line":288,"column":4}},{"start":{"line":288,"column":4},"end":{"line":288,"column":4}}]},"53":{"line":292,"type":"if","locations":[{"start":{"line":292,"column":4},"end":{"line":292,"column":4}},{"start":{"line":292,"column":4},"end":{"line":292,"column":4}}]},"54":{"line":300,"type":"if","locations":[{"start":{"line":300,"column":4},"end":{"line":300,"column":4}},{"start":{"line":300,"column":4},"end":{"line":300,"column":4}}]},"55":{"line":304,"type":"if","locations":[{"start":{"line":304,"column":4},"end":{"line":304,"column":4}},{"start":{"line":304,"column":4},"end":{"line":304,"column":4}}]},"56":{"line":308,"type":"if","locations":[{"start":{"line":308,"column":4},"end":{"line":308,"column":4}},{"start":{"line":308,"column":4},"end":{"line":308,"column":4}}]},"57":{"line":313,"type":"if","locations":[{"start":{"line":313,"column":4},"end":{"line":313,"column":4}},{"start":{"line":313,"column":4},"end":{"line":313,"column":4}}]},"58":{"line":344,"type":"if","locations":[{"start":{"line":344,"column":4},"end":{"line":344,"column":4}},{"start":{"line":344,"column":4},"end":{"line":344,"column":4}}]},"59":{"line":349,"type":"binary-expr","locations":[{"start":{"line":349,"column":19},"end":{"line":349,"column":87}},{"start":{"line":350,"column":8},"end":{"line":350,"column":79}},{"start":{"line":351,"column":8},"end":{"line":351,"column":77}},{"start":{"line":352,"column":8},"end":{"line":352,"column":80}},{"start":{"line":353,"column":8},"end":{"line":353,"column":79}},{"start":{"line":354,"column":8},"end":{"line":354,"column":82}}]},"60":{"line":355,"type":"if","locations":[{"start":{"line":355,"column":4},"end":{"line":355,"column":4}},{"start":{"line":355,"column":4},"end":{"line":355,"column":4}}]},"61":{"line":360,"type":"if","locations":[{"start":{"line":360,"column":4},"end":{"line":360,"column":4}},{"start":{"line":360,"column":4},"end":{"line":360,"column":4}}]},"62":{"line":368,"type":"if","locations":[{"start":{"line":368,"column":4},"end":{"line":368,"column":4}},{"start":{"line":368,"column":4},"end":{"line":368,"column":4}}]},"63":{"line":378,"type":"if","locations":[{"start":{"line":378,"column":8},"end":{"line":378,"column":8}},{"start":{"line":378,"column":8},"end":{"line":378,"column":8}}]},"64":{"line":381,"type":"if","locations":[{"start":{"line":381,"column":12},"end":{"line":381,"column":12}},{"start":{"line":381,"column":12},"end":{"line":381,"column":12}}]},"65":{"line":388,"type":"if","locations":[{"start":{"line":388,"column":4},"end":{"line":388,"column":4}},{"start":{"line":388,"column":4},"end":{"line":388,"column":4}}]},"66":{"line":396,"type":"if","locations":[{"start":{"line":396,"column":4},"end":{"line":396,"column":4}},{"start":{"line":396,"column":4},"end":{"line":396,"column":4}}]},"67":{"line":401,"type":"if","locations":[{"start":{"line":401,"column":4},"end":{"line":401,"column":4}},{"start":{"line":401,"column":4},"end":{"line":401,"column":4}}]},"68":{"line":404,"type":"binary-expr","locations":[{"start":{"line":404,"column":16},"end":{"line":404,"column":56}},{"start":{"line":405,"column":8},"end":{"line":405,"column":55}}]},"69":{"line":406,"type":"if","locations":[{"start":{"line":406,"column":4},"end":{"line":406,"column":4}},{"start":{"line":406,"column":4},"end":{"line":406,"column":4}}]},"70":{"line":413,"type":"if","locations":[{"start":{"line":413,"column":4},"end":{"line":413,"column":4}},{"start":{"line":413,"column":4},"end":{"line":413,"column":4}}]},"71":{"line":418,"type":"if","locations":[{"start":{"line":418,"column":4},"end":{"line":418,"column":4}},{"start":{"line":418,"column":4},"end":{"line":418,"column":4}}]},"72":{"line":423,"type":"if","locations":[{"start":{"line":423,"column":4},"end":{"line":423,"column":4}},{"start":{"line":423,"column":4},"end":{"line":423,"column":4}}]},"73":{"line":429,"type":"if","locations":[{"start":{"line":429,"column":8},"end":{"line":429,"column":8}},{"start":{"line":429,"column":8},"end":{"line":429,"column":8}}]},"74":{"line":432,"type":"if","locations":[{"start":{"line":432,"column":12},"end":{"line":432,"column":12}},{"start":{"line":432,"column":12},"end":{"line":432,"column":12}}]},"75":{"line":439,"type":"if","locations":[{"start":{"line":439,"column":4},"end":{"line":439,"column":4}},{"start":{"line":439,"column":4},"end":{"line":439,"column":4}}]},"76":{"line":445,"type":"if","locations":[{"start":{"line":445,"column":4},"end":{"line":445,"column":4}},{"start":{"line":445,"column":4},"end":{"line":445,"column":4}}]}},"l":{"2":1,"3":1,"4":1,"5":1,"6":1,"7":1,"8":0,"9":0,"10":0,"13":0,"14":0,"15":0,"21":0,"22":0,"23":0,"24":0,"25":0,"26":0,"28":0,"29":0,"30":0,"32":0,"33":0,"34":0,"36":0,"37":0,"38":0,"40":0,"41":0,"42":0,"45":0,"46":0,"47":0,"49":0,"50":0,"51":0,"53":0,"54":0,"55":0,"57":0,"58":0,"59":0,"60":0,"62":1,"63":1,"64":0,"65":0,"67":1,"68":1,"69":0,"70":0,"71":0,"72":0,"73":0,"74":0,"75":0,"76":0,"77":0,"79":0,"82":1,"83":1,"84":0,"85":0,"87":1,"88":1,"89":0,"90":0,"91":0,"92":0,"93":0,"94":0,"96":0,"97":0,"98":0,"99":0,"100":0,"101":0,"103":1,"104":1,"105":0,"106":0,"108":0,"109":0,"110":0,"111":0,"112":0,"113":0,"114":0,"115":0,"116":0,"117":0,"119":0,"122":1,"123":1,"124":0,"127":0,"128":0,"129":0,"130":0,"131":0,"132":0,"133":0,"134":0,"135":0,"137":0,"138":0,"139":0,"140":0,"141":0,"143":0,"144":0,"145":0,"147":1,"148":1,"149":0,"156":0,"157":0,"158":0,"159":0,"160":0,"161":0,"163":0,"164":0,"165":0,"167":0,"168":0,"169":0,"171":0,"172":0,"173":0,"175":0,"176":0,"177":0,"179":0,"180":0,"181":0,"184":0,"185":0,"186":0,"188":0,"189":0,"190":0,"192":0,"193":0,"194":0,"196":1,"197":1,"198":0,"201":1,"202":1,"203":0,"206":1,"207":1,"208":0,"209":0,"210":0,"211":0,"212":0,"213":0,"215":0,"216":0,"217":0,"218":0,"219":0,"222":0,"223":0,"224":0,"225":0,"227":1,"228":1,"229":0,"230":0,"231":0,"232":0,"233":0,"240":0,"241":0,"242":0,"243":0,"244":0,"246":0,"248":0,"249":0,"250":0,"252":0,"253":0,"254":0,"256":0,"257":0,"258":0,"259":0,"261":0,"262":0,"263":0,"265":0,"266":0,"267":0,"269":0,"270":0,"271":0,"273":0,"274":0,"275":0,"277":0,"278":0,"279":0,"281":1,"282":1,"283":0,"284":0,"285":0,"286":0,"287":0,"288":0,"289":0,"290":0,"291":0,"292":0,"293":0,"294":0,"295":0,"297":1,"298":1,"299":0,"300":0,"301":0,"302":0,"303":0,"304":0,"305":0,"306":0,"307":0,"308":0,"309":0,"310":0,"311":0,"312":0,"313":0,"314":0,"315":0,"316":0,"318":1,"319":0,"321":1,"322":1,"323":0,"325":1,"326":1,"327":0,"329":1,"330":1,"331":0,"333":1,"334":1,"335":0,"337":1,"338":1,"339":0,"341":1,"342":1,"343":0,"344":0,"345":0,"347":1,"348":1,"349":0,"355":0,"356":0,"357":0,"358":0,"359":0,"360":0,"361":0,"362":0,"363":0,"365":1,"366":1,"367":0,"368":0,"369":0,"370":0,"371":0,"372":0,"373":0,"374":0,"375":0,"376":0,"377":0,"378":0,"379":0,"380":0,"381":0,"382":0,"385":0,"387":0,"388":0,"389":0,"390":0,"391":0,"393":1,"394":1,"395":0,"396":0,"397":0,"398":0,"399":0,"400":0,"401":0,"402":0,"403":0,"404":0,"406":0,"407":0,"408":0,"409":0,"411":1,"412":1,"413":0,"414":0,"415":0,"416":0,"417":0,"418":0,"419":0,"420":0,"421":0,"422":0,"423":0,"424":0,"425":0,"426":0,"427":0,"428":0,"429":0,"430":0,"431":0,"432":0,"433":0,"436":0,"438":0,"439":0,"440":0,"441":0,"443":1,"444":1,"445":0,"446":0,"448":1}},
"C:\\inetpub\\wwwroot\\odata-v4-parser\\lib\\odataUri.js":{"path":"C:\\inetpub\\wwwroot\\odata-v4-parser\\lib\\odataUri.js","s":{"1":1,"2":1,"3":1,"4":1,"5":0,"6":0,"7":0,"8":0,"9":0,"10":0,"11":0,"12":0,"13":0,"14":0,"15":0,"16":0,"17":0,"18":0,"19":0,"20":1},"b":{"1":[0,0],"2":[0,0],"3":[0,0],"4":[0,0],"5":[0,0]},"f":{"1":0},"fnMap":{"1":{"name":"odataUri","line":5,"loc":{"start":{"line":5,"column":0},"end":{"line":5,"column":49}}}},"statementMap":{"1":{"start":{"line":2,"column":0},"end":{"line":2,"column":31}},"2":{"start":{"line":3,"column":0},"end":{"line":3,"column":31}},"3":{"start":{"line":4,"column":0},"end":{"line":4,"column":45}},"4":{"start":{"line":5,"column":0},"end":{"line":24,"column":1}},"5":{"start":{"line":6,"column":4},"end":{"line":6,"column":76}},"6":{"start":{"line":7,"column":4},"end":{"line":11,"column":5}},"7":{"start":{"line":8,"column":8},"end":{"line":9,"column":13}},"8":{"start":{"line":10,"column":8},"end":{"line":10,"column":76}},"9":{"start":{"line":12,"column":4},"end":{"line":13,"column":15}},"10":{"start":{"line":13,"column":8},"end":{"line":13,"column":15}},"11":{"start":{"line":14,"column":4},"end":{"line":14,"column":22}},"12":{"start":{"line":15,"column":4},"end":{"line":15,"column":26}},"13":{"start":{"line":16,"column":4},"end":{"line":16,"column":14}},"14":{"start":{"line":17,"column":4},"end":{"line":22,"column":5}},"15":{"start":{"line":18,"column":8},"end":{"line":18,"column":53}},"16":{"start":{"line":19,"column":8},"end":{"line":20,"column":19}},"17":{"start":{"line":20,"column":12},"end":{"line":20,"column":19}},"18":{"start":{"line":21,"column":8},"end":{"line":21,"column":27}},"19":{"start":{"line":23,"column":4},"end":{"line":23,"column":111}},"20":{"start":{"line":25,"column":0},"end":{"line":25,"column":28}}},"branchMap":{"1":{"line":7,"type":"binary-expr","locations":[{"start":{"line":7,"column":11},"end":{"line":7,"column":20}},{"start":{"line":7,"column":24},"end":{"line":7,"column":44}}]},"2":{"line":8,"type":"binary-expr","locations":[{"start":{"line":8,"column":15},"end":{"line":8,"column":37}},{"start":{"line":8,"column":41},"end":{"line":8,"column":61}}]},"3":{"line":12,"type":"if","locations":[{"start":{"line":12,"column":4},"end":{"line":12,"column":4}},{"start":{"line":12,"column":4},"end":{"line":12,"column":4}}]},"4":{"line":17,"type":"if","locations":[{"start":{"line":17,"column":4},"end":{"line":17,"column":4}},{"start":{"line":17,"column":4},"end":{"line":17,"column":4}}]},"5":{"line":19,"type":"if","locations":[{"start":{"line":19,"column":8},"end":{"line":19,"column":8}},{"start":{"line":19,"column":8},"end":{"line":19,"column":8}}]}},"l":{"2":1,"3":1,"4":1,"5":1,"6":0,"7":0,"8":0,"10":0,"12":0,"13":0,"14":0,"15":0,"16":0,"17":0,"18":0,"19":0,"20":0,"21":0,"23":0,"25":1}}}
